\BOOKMARK [0][-]{chapter.1}{Einleitung}{}% 1
\BOOKMARK [1][-]{section.1.1}{Firmenvorstellung}{chapter.1}% 2
\BOOKMARK [2][-]{subsection.1.1.1}{Produkte}{section.1.1}% 3
\BOOKMARK [1][-]{section.1.2}{Problemstellung}{chapter.1}% 4
\BOOKMARK [2][-]{subsection.1.2.1}{Fragestellung}{section.1.2}% 5
\BOOKMARK [2][-]{subsection.1.2.2}{Zielsetzung}{section.1.2}% 6
\BOOKMARK [2][-]{subsection.1.2.3}{Abgrenzung}{section.1.2}% 7
\BOOKMARK [1][-]{section.1.3}{Vorgehensbeschreibung}{chapter.1}% 8
\BOOKMARK [0][-]{chapter.2}{Grundlagen}{}% 9
\BOOKMARK [1][-]{section.2.1}{Visualisierung von Daten}{chapter.2}% 10
\BOOKMARK [2][-]{subsection.2.1.1}{Gestaltungsgrunds\344tze}{section.2.1}% 11
\BOOKMARK [2][-]{subsection.2.1.2}{Statistische Auswertungen}{section.2.1}% 12
\BOOKMARK [2][-]{subsection.2.1.3}{Multidimensionale Daten darstellen}{section.2.1}% 13
\BOOKMARK [1][-]{section.2.2}{Daten und deren Verarbeitung in der Notfallmedizin}{chapter.2}% 14
\BOOKMARK [1][-]{section.2.3}{Begriffe zum Thema Data Analytics}{chapter.2}% 15
\BOOKMARK [2][-]{subsection.2.3.1}{\334bersicht der Zusammenh\344nge}{section.2.3}% 16
\BOOKMARK [2][-]{subsection.2.3.2}{Big Data}{section.2.3}% 17
\BOOKMARK [2][-]{subsection.2.3.3}{Business Intelligence}{section.2.3}% 18
\BOOKMARK [2][-]{subsection.2.3.4}{Data Warehousing}{section.2.3}% 19
\BOOKMARK [2][-]{subsection.2.3.5}{Dashboards}{section.2.3}% 20
\BOOKMARK [2][-]{subsection.2.3.6}{Business Intelligence in der Notfallmedizin}{section.2.3}% 21
\BOOKMARK [1][-]{section.2.4}{Technologien}{chapter.2}% 22
\BOOKMARK [2][-]{subsection.2.4.1}{Qlik Sense}{section.2.4}% 23
\BOOKMARK [1][-]{section.2.5}{Requirements Engineering}{chapter.2}% 24
\BOOKMARK [2][-]{subsection.2.5.1}{Methodik}{section.2.5}% 25
\BOOKMARK [0][-]{chapter.3}{Stand der Technik}{}% 26
\BOOKMARK [1][-]{section.3.1}{Ist-Zustand corpuls.web ANALYSE}{chapter.3}% 27
\BOOKMARK [2][-]{subsection.3.1.1}{Verwendung zur Auswertung}{section.3.1}% 28
\BOOKMARK [2][-]{subsection.3.1.2}{Vorliegende Daten der Ger\344te}{section.3.1}% 29
\BOOKMARK [1][-]{section.3.2}{Qlik Sense Server}{chapter.3}% 30
\BOOKMARK [2][-]{subsection.3.2.1}{Lizenzierungsmodell}{section.3.2}% 31
\BOOKMARK [2][-]{subsection.3.2.2}{?}{section.3.2}% 32
\BOOKMARK [0][-]{chapter.4}{Anforderungsanalyse}{}% 33
\BOOKMARK [1][-]{section.4.1}{Nutzergruppen}{chapter.4}% 34
\BOOKMARK [1][-]{section.4.2}{Aufgabenanalyse}{chapter.4}% 35
\BOOKMARK [1][-]{section.4.3}{Nutzungskontext}{chapter.4}% 36
\BOOKMARK [1][-]{section.4.4}{Iterative Erhebung der zu beantwortenden Fragestellungen}{chapter.4}% 37
\BOOKMARK [2][-]{subsection.4.4.1}{Ermittlung von Fragestellungen}{section.4.4}% 38
\BOOKMARK [2][-]{subsection.4.4.2}{Analyse der Anforderungen}{section.4.4}% 39
\BOOKMARK [2][-]{subsection.4.4.3}{Spezifikation der Fragen und ben\366tigte Daten}{section.4.4}% 40
\BOOKMARK [2][-]{subsection.4.4.4}{Validierung der spezifizierten Fragestellungen}{section.4.4}% 41
\BOOKMARK [0][-]{chapter.5}{Konzeption}{}% 42
\BOOKMARK [1][-]{section.5.1}{Vorgehen bei der Konzeption}{chapter.5}% 43
\BOOKMARK [1][-]{section.5.2}{Datenmodell}{chapter.5}% 44
\BOOKMARK [1][-]{section.5.3}{Erstellung eines Prototypen}{chapter.5}% 45
\BOOKMARK [1][-]{section.5.4}{Generierung von Dummy-Daten?}{chapter.5}% 46
\BOOKMARK [1][-]{section.5.5}{Evaluierung durch ?}{chapter.5}% 47
\BOOKMARK [1][-]{section.5.6}{Analyse der Ergebnisse}{chapter.5}% 48
\BOOKMARK [0][-]{chapter.6}{Umsetzung}{}% 49
\BOOKMARK [1][-]{section.6.1}{Erstellung der Qlik-Apps}{chapter.6}% 50
\BOOKMARK [2][-]{subsection.6.1.1}{ETL-Prozess}{section.6.1}% 51
\BOOKMARK [2][-]{subsection.6.1.2}{Dimensionen}{section.6.1}% 52
\BOOKMARK [2][-]{subsection.6.1.3}{Kennzahlen}{section.6.1}% 53
\BOOKMARK [2][-]{subsection.6.1.4}{Dashboards}{section.6.1}% 54
\BOOKMARK [1][-]{section.6.2}{Rechtliche Aspekte}{chapter.6}% 55
\BOOKMARK [2][-]{subsection.6.2.1}{Anonymisierung}{section.6.2}% 56
\BOOKMARK [1][-]{section.6.3}{Technische Aspekte}{chapter.6}% 57
\BOOKMARK [2][-]{subsection.6.3.1}{Schnittstelle ANALYSE und Qlik}{section.6.3}% 58
\BOOKMARK [2][-]{subsection.6.3.2}{Incremental Load?}{section.6.3}% 59
\BOOKMARK [2][-]{subsection.6.3.3}{Datenbankhaltung?}{section.6.3}% 60
\BOOKMARK [2][-]{subsection.6.3.4}{JIRA-Stories}{section.6.3}% 61
\BOOKMARK [2][-]{subsection.6.3.5}{Lasttests?}{section.6.3}% 62
\BOOKMARK [2][-]{subsection.6.3.6}{Auslieferungsprozess?}{section.6.3}% 63
\BOOKMARK [1][-]{section.6.4}{Evaluierung der Ergebnisse?}{chapter.6}% 64
\BOOKMARK [0][-]{chapter.7}{Fazit}{}% 65
\BOOKMARK [1][-]{section.7.1}{Vorstellung der Ergebnisse}{chapter.7}% 66
\BOOKMARK [1][-]{section.7.2}{R\374ckschl\374sse f\374r Entwicklung}{chapter.7}% 67
\BOOKMARK [1][-]{section.7.3}{Aufgetretene Probleme}{chapter.7}% 68
\BOOKMARK [1][-]{section.7.4}{Erf\374llte Anforderungen}{chapter.7}% 69
\BOOKMARK [2][-]{subsection.7.4.1}{Nutzeranforderungen}{section.7.4}% 70
\BOOKMARK [2][-]{subsection.7.4.2}{Theoriebasierte Anforderungen}{section.7.4}% 71
\BOOKMARK [1][-]{section.7.5}{Ausblick}{chapter.7}% 72
