This is pdfTeX, Version 3.14159265-2.6-1.40.19 (TeX Live 2018/W32TeX) (preloaded format=pdflatex 2018.9.28)  31 JAN 2019 16:15
entering extended mode
 restricted \write18 enabled.
 %&-line parsing enabled.
**Master.tex
(./Master.tex
LaTeX2e <2018-04-01> patch level 2
Babel <3.18> and hyphenation patterns for 84 language(s) loaded.
(./common.tex
(c:/Program Files/texlive/2018/texmf-dist/tex/latex/koma-script/scrbook.cls
Document Class: scrbook 2018/03/30 v3.25 KOMA-Script document class (book)
(c:/Program Files/texlive/2018/texmf-dist/tex/latex/koma-script/scrkbase.sty
Package: scrkbase 2018/03/30 v3.25 KOMA-Script package (KOMA-Script-dependent b
asics and keyval usage)

(c:/Program Files/texlive/2018/texmf-dist/tex/latex/koma-script/scrbase.sty
Package: scrbase 2018/03/30 v3.25 KOMA-Script package (KOMA-Script-independent 
basics and keyval usage)

(c:/Program Files/texlive/2018/texmf-dist/tex/latex/graphics/keyval.sty
Package: keyval 2014/10/28 v1.15 key=value parser (DPC)
\KV@toks@=\toks14
)
(c:/Program Files/texlive/2018/texmf-dist/tex/latex/koma-script/scrlfile.sty
Package: scrlfile 2018/03/30 v3.25 KOMA-Script package (loading files)
))) (c:/Program Files/texlive/2018/texmf-dist/tex/latex/koma-script/tocbasic.st
y
Package: tocbasic 2018/03/30 v3.25 KOMA-Script package (handling toc-files)
\scr@dte@tocline@numberwidth=\skip41
\scr@dte@tocline@numbox=\box26
)
Package tocbasic Info: omitting babel extension for `toc'
(tocbasic)             because of feature `nobabel' available
(tocbasic)             for `toc' on input line 136.
Package tocbasic Info: defining new hook before heading of `' on input line 166
3.
Class scrbook Info: You've used standard option `oneside'.
(scrbook)           This is correct!
(scrbook)           Internally I'm using `twoside=false'.
(scrbook)           If you'd like to set the option with \KOMAoptions,
(scrbook)           you'd have to use `twoside=false' there
(scrbook)           instead of `oneside', too.
Class scrbook Info: File `scrsize11pt.clo' used to setup font sizes on input li
ne 2331.

(c:/Program Files/texlive/2018/texmf-dist/tex/latex/koma-script/scrsize11pt.clo
File: scrsize11pt.clo 2018/03/30 v3.25 KOMA-Script font size class option (11pt
)
) (c:/Program Files/texlive/2018/texmf-dist/tex/latex/koma-script/typearea.sty
Package: typearea 2018/03/30 v3.25 KOMA-Script package (type area)
\ta@bcor=\skip42
\ta@div=\count80
Package typearea Info: You've used standard option `oneside'.
(typearea)             This is correct!
(typearea)             Internally I'm using `twoside=false'.
(typearea)             If you'd like to set the option with \KOMAoptions,
(typearea)             you'd have to use `twoside=false' there
(typearea)             instead of `oneside', too.
\ta@hblk=\skip43
\ta@vblk=\skip44
\ta@temp=\skip45
\footheight=\skip46
Package typearea Info: These are the values describing the layout:
(typearea)             DIV  = 10
(typearea)             BCOR = 0.0pt
(typearea)             \paperwidth      = 597.50793pt
(typearea)              \textwidth      = 418.25555pt
(typearea)              DIV departure   = -6%
(typearea)              \evensidemargin = 17.3562pt
(typearea)              \oddsidemargin  = 17.3562pt
(typearea)             \paperheight     = 845.04694pt
(typearea)              \textheight     = 555.00024pt
(typearea)              \topmargin      = 12.2347pt
(typearea)              \headheight     = 17.0pt
(typearea)              \headsep        = 20.40001pt
(typearea)              \topskip        = 11.0pt
(typearea)              \footskip       = 47.6pt
(typearea)              \baselineskip   = 13.6pt
(typearea)              on input line 1706.
)
\c@part=\count81
\c@chapter=\count82
\c@section=\count83
\c@subsection=\count84
\c@subsubsection=\count85
\c@paragraph=\count86
\c@subparagraph=\count87
\scr@dte@part@maxnumwidth=\skip47
\scr@dte@chapter@maxnumwidth=\skip48
\scr@dte@section@maxnumwidth=\skip49
\scr@dte@subsection@maxnumwidth=\skip50
\scr@dte@subsubsection@maxnumwidth=\skip51
\scr@dte@paragraph@maxnumwidth=\skip52
\scr@dte@subparagraph@maxnumwidth=\skip53
\abovecaptionskip=\skip54
\belowcaptionskip=\skip55
\c@pti@nb@sid@b@x=\box27
\scr@dte@figure@maxnumwidth=\skip56
Package tocbasic Info: omitting babel extension for `lof'
(tocbasic)             because of feature `nobabel' available
(tocbasic)             for `lof' on input line 6251.
\c@figure=\count88
\scr@dte@table@maxnumwidth=\skip57
Package tocbasic Info: omitting babel extension for `lot'
(tocbasic)             because of feature `nobabel' available
(tocbasic)             for `lot' on input line 6272.
\c@table=\count89
Class scrbook Info: Redefining `\numberline' on input line 6445.
\bibindent=\dimen102
) (c:/Program Files/texlive/2018/texmf-dist/tex/latex/amsmath/amsmath.sty
Package: amsmath 2017/09/02 v2.17a AMS math features
\@mathmargin=\skip58

For additional information on amsmath, use the `?' option.
(c:/Program Files/texlive/2018/texmf-dist/tex/latex/amsmath/amstext.sty
Package: amstext 2000/06/29 v2.01 AMS text

(c:/Program Files/texlive/2018/texmf-dist/tex/latex/amsmath/amsgen.sty
File: amsgen.sty 1999/11/30 v2.0 generic functions
\@emptytoks=\toks15
\ex@=\dimen103
))
(c:/Program Files/texlive/2018/texmf-dist/tex/latex/amsmath/amsbsy.sty
Package: amsbsy 1999/11/29 v1.2d Bold Symbols
\pmbraise@=\dimen104
)
(c:/Program Files/texlive/2018/texmf-dist/tex/latex/amsmath/amsopn.sty
Package: amsopn 2016/03/08 v2.02 operator names
)
\inf@bad=\count90
LaTeX Info: Redefining \frac on input line 213.
\uproot@=\count91
\leftroot@=\count92
LaTeX Info: Redefining \overline on input line 375.
\classnum@=\count93
\DOTSCASE@=\count94
LaTeX Info: Redefining \ldots on input line 472.
LaTeX Info: Redefining \dots on input line 475.
LaTeX Info: Redefining \cdots on input line 596.
\Mathstrutbox@=\box28
\strutbox@=\box29
\big@size=\dimen105
LaTeX Font Info:    Redeclaring font encoding OML on input line 712.
LaTeX Font Info:    Redeclaring font encoding OMS on input line 713.
\macc@depth=\count95
\c@MaxMatrixCols=\count96
\dotsspace@=\muskip10
\c@parentequation=\count97
\dspbrk@lvl=\count98
\tag@help=\toks16
\row@=\count99
\column@=\count100
\maxfields@=\count101
\andhelp@=\toks17
\eqnshift@=\dimen106
\alignsep@=\dimen107
\tagshift@=\dimen108
\tagwidth@=\dimen109
\totwidth@=\dimen110
\lineht@=\dimen111
\@envbody=\toks18
\multlinegap=\skip59
\multlinetaggap=\skip60
\mathdisplay@stack=\toks19
LaTeX Info: Redefining \[ on input line 2817.
LaTeX Info: Redefining \] on input line 2818.
)
(c:/Program Files/texlive/2018/texmf-dist/tex/latex/marvosym/marvosym.sty
Package: marvosym 2011/07/20 v2.2 Martin Vogel's Symbols font definitions
)
(c:/Program Files/texlive/2018/texmf-dist/tex/latex/base/fontenc.sty
Package: fontenc 2017/04/05 v2.0i Standard LaTeX package

(c:/Program Files/texlive/2018/texmf-dist/tex/latex/base/t1enc.def
File: t1enc.def 2017/04/05 v2.0i Standard LaTeX file
LaTeX Font Info:    Redeclaring font encoding T1 on input line 48.
))
(c:/Program Files/texlive/2018/texmf-dist/tex/latex/base/inputenc.sty
Package: inputenc 2018/04/06 v1.3b Input encoding file
\inpenc@prehook=\toks20
\inpenc@posthook=\toks21
)
(c:/Program Files/texlive/2018/texmf-dist/tex/latex/setspace/setspace.sty
Package: setspace 2011/12/19 v6.7a set line spacing
)
(c:/Program Files/texlive/2018/texmf-dist/tex/generic/babel/babel.sty
Package: babel 2018/02/14 3.18 The Babel package

(c:/Program Files/texlive/2018/texmf-dist/tex/generic/babel/switch.def
File: switch.def 2018/02/14 3.18 Babel switching mechanism
)
(c:/Program Files/texlive/2018/texmf-dist/tex/generic/babel-german/ngerman.ldf
Language: ngerman 2018/03/29 v2.10 German support for babel (post-1996 orthogra
phy)

(c:/Program Files/texlive/2018/texmf-dist/tex/generic/babel-german/ngermanb.ldf
Language: ngermanb 2018/03/29 v2.10 German support for babel (post-1996 orthogr
aphy)
(c:/Program Files/texlive/2018/texmf-dist/tex/generic/babel/babel.def
File: babel.def 2018/02/14 3.18 Babel common definitions
\babel@savecnt=\count102
\U@D=\dimen112

(c:/Program Files/texlive/2018/texmf-dist/tex/generic/babel/txtbabel.def)
\bbl@dirlevel=\count103
)
Package babel Info: Making " an active character on input line 121.
)))
(c:/Program Files/texlive/2018/texmf-dist/tex/latex/translator/translator.sty
Package: translator 2018/01/04 v1.12 Easy translation of strings in LaTeX
)
(c:/Program Files/texlive/2018/texmf-dist/tex/latex/hyperref/hyperref.sty
Package: hyperref 2018/02/06 v6.86b Hypertext links for LaTeX

(c:/Program Files/texlive/2018/texmf-dist/tex/generic/oberdiek/hobsub-hyperref.
sty
Package: hobsub-hyperref 2016/05/16 v1.14 Bundle oberdiek, subset hyperref (HO)


(c:/Program Files/texlive/2018/texmf-dist/tex/generic/oberdiek/hobsub-generic.s
ty
Package: hobsub-generic 2016/05/16 v1.14 Bundle oberdiek, subset generic (HO)
Package: hobsub 2016/05/16 v1.14 Construct package bundles (HO)
Package: infwarerr 2016/05/16 v1.4 Providing info/warning/error messages (HO)
Package: ltxcmds 2016/05/16 v1.23 LaTeX kernel commands for general use (HO)
Package: ifluatex 2016/05/16 v1.4 Provides the ifluatex switch (HO)
Package ifluatex Info: LuaTeX not detected.
Package: ifvtex 2016/05/16 v1.6 Detect VTeX and its facilities (HO)
Package ifvtex Info: VTeX not detected.
Package: intcalc 2016/05/16 v1.2 Expandable calculations with integers (HO)
Package: ifpdf 2017/03/15 v3.2 Provides the ifpdf switch
Package: etexcmds 2016/05/16 v1.6 Avoid name clashes with e-TeX commands (HO)
Package etexcmds Info: Could not find \expanded.
(etexcmds)             That can mean that you are not using pdfTeX 1.50 or
(etexcmds)             that some package has redefined \expanded.
(etexcmds)             In the latter case, load this package earlier.
Package: kvsetkeys 2016/05/16 v1.17 Key value parser (HO)
Package: kvdefinekeys 2016/05/16 v1.4 Define keys (HO)
Package: pdftexcmds 2018/01/30 v0.27 Utility functions of pdfTeX for LuaTeX (HO
)
Package pdftexcmds Info: LuaTeX not detected.
Package pdftexcmds Info: \pdf@primitive is available.
Package pdftexcmds Info: \pdf@ifprimitive is available.
Package pdftexcmds Info: \pdfdraftmode found.
Package: pdfescape 2016/05/16 v1.14 Implements pdfTeX's escape features (HO)
Package: bigintcalc 2016/05/16 v1.4 Expandable calculations on big integers (HO
)
Package: bitset 2016/05/16 v1.2 Handle bit-vector datatype (HO)
Package: uniquecounter 2016/05/16 v1.3 Provide unlimited unique counter (HO)
)
Package hobsub Info: Skipping package `hobsub' (already loaded).
Package: letltxmacro 2016/05/16 v1.5 Let assignment for LaTeX macros (HO)
Package: hopatch 2016/05/16 v1.3 Wrapper for package hooks (HO)
Package: xcolor-patch 2016/05/16 xcolor patch
Package: atveryend 2016/05/16 v1.9 Hooks at the very end of document (HO)
Package atveryend Info: \enddocument detected (standard20110627).
Package: atbegshi 2016/06/09 v1.18 At begin shipout hook (HO)
Package: refcount 2016/05/16 v3.5 Data extraction from label references (HO)
Package: hycolor 2016/05/16 v1.8 Color options for hyperref/bookmark (HO)
) (c:/Program Files/texlive/2018/texmf-dist/tex/generic/ifxetex/ifxetex.sty
Package: ifxetex 2010/09/12 v0.6 Provides ifxetex conditional
) (c:/Program Files/texlive/2018/texmf-dist/tex/latex/oberdiek/auxhook.sty
Package: auxhook 2016/05/16 v1.4 Hooks for auxiliary files (HO)
)
(c:/Program Files/texlive/2018/texmf-dist/tex/latex/oberdiek/kvoptions.sty
Package: kvoptions 2016/05/16 v3.12 Key value format for package options (HO)
)
\@linkdim=\dimen113
\Hy@linkcounter=\count104
\Hy@pagecounter=\count105

(c:/Program Files/texlive/2018/texmf-dist/tex/latex/hyperref/pd1enc.def
File: pd1enc.def 2018/02/06 v6.86b Hyperref: PDFDocEncoding definition (HO)
Now handling font encoding PD1 ...
... no UTF-8 mapping file for font encoding PD1
)
\Hy@SavedSpaceFactor=\count106

(c:/Program Files/texlive/2018/texmf-dist/tex/latex/latexconfig/hyperref.cfg
File: hyperref.cfg 2002/06/06 v1.2 hyperref configuration of TeXLive
)
Package hyperref Info: Option `breaklinks' set `true' on input line 4383.
Package hyperref Info: Hyper figures OFF on input line 4509.
Package hyperref Info: Link nesting OFF on input line 4514.
Package hyperref Info: Hyper index ON on input line 4517.
Package hyperref Info: Plain pages OFF on input line 4524.
Package hyperref Info: Backreferencing OFF on input line 4529.
Package hyperref Info: Implicit mode ON; LaTeX internals redefined.
Package hyperref Info: Bookmarks ON on input line 4762.
\c@Hy@tempcnt=\count107

(c:/Program Files/texlive/2018/texmf-dist/tex/latex/url/url.sty
\Urlmuskip=\muskip11
Package: url 2013/09/16  ver 3.4  Verb mode for urls, etc.
)
LaTeX Info: Redefining \url on input line 5115.
\XeTeXLinkMargin=\dimen114
\Fld@menulength=\count108
\Field@Width=\dimen115
\Fld@charsize=\dimen116
Package hyperref Info: Hyper figures OFF on input line 6369.
Package hyperref Info: Link nesting OFF on input line 6374.
Package hyperref Info: Hyper index ON on input line 6377.
Package hyperref Info: backreferencing OFF on input line 6384.
Package hyperref Info: Link coloring OFF on input line 6389.
Package hyperref Info: Link coloring with OCG OFF on input line 6394.
Package hyperref Info: PDF/A mode OFF on input line 6399.
LaTeX Info: Redefining \ref on input line 6439.
LaTeX Info: Redefining \pageref on input line 6443.
\Hy@abspage=\count109
\c@Item=\count110
\c@Hfootnote=\count111
)
Package hyperref Info: Driver (autodetected): hpdftex.

(c:/Program Files/texlive/2018/texmf-dist/tex/latex/hyperref/hpdftex.def
File: hpdftex.def 2018/02/06 v6.86b Hyperref driver for pdfTeX
\Fld@listcount=\count112
\c@bookmark@seq@number=\count113

(c:/Program Files/texlive/2018/texmf-dist/tex/latex/oberdiek/rerunfilecheck.sty
Package: rerunfilecheck 2016/05/16 v1.8 Rerun checks for auxiliary files (HO)
Package uniquecounter Info: New unique counter `rerunfilecheck' on input line 2
82.
)
\Hy@SectionHShift=\skip61
) (c:/Program Files/texlive/2018/texmf-dist/tex/latex/microtype/microtype.sty
Package: microtype 2018/01/14 v2.7a Micro-typographical refinements (RS)
\MT@toks=\toks22
\MT@count=\count114
LaTeX Info: Redefining \textls on input line 793.
\MT@outer@kern=\dimen117
LaTeX Info: Redefining \textmicrotypecontext on input line 1339.
\MT@listname@count=\count115

(c:/Program Files/texlive/2018/texmf-dist/tex/latex/microtype/microtype-pdftex.
def
File: microtype-pdftex.def 2018/01/14 v2.7a Definitions specific to pdftex (RS)

LaTeX Info: Redefining \lsstyle on input line 913.
LaTeX Info: Redefining \lslig on input line 913.
\MT@outer@space=\skip62
)
Package microtype Info: Loading configuration file microtype.cfg.

(c:/Program Files/texlive/2018/texmf-dist/tex/latex/microtype/microtype.cfg
File: microtype.cfg 2018/01/14 v2.7a microtype main configuration file (RS)
))
(c:/Program Files/texlive/2018/texmf-dist/tex/latex/oberdiek/pdflscape.sty
Package: pdflscape 2016/05/14 v0.11 Display of landscape pages in PDF (HO)

(c:/Program Files/texlive/2018/texmf-dist/tex/latex/graphics/lscape.sty
Package: lscape 2000/10/22 v3.01 Landscape Pages (DPC)

(c:/Program Files/texlive/2018/texmf-dist/tex/latex/graphics/graphics.sty
Package: graphics 2017/06/25 v1.2c Standard LaTeX Graphics (DPC,SPQR)

(c:/Program Files/texlive/2018/texmf-dist/tex/latex/graphics/trig.sty
Package: trig 2016/01/03 v1.10 sin cos tan (DPC)
)
(c:/Program Files/texlive/2018/texmf-dist/tex/latex/graphics-cfg/graphics.cfg
File: graphics.cfg 2016/06/04 v1.11 sample graphics configuration
)
Package graphics Info: Driver file: pdftex.def on input line 99.

(c:/Program Files/texlive/2018/texmf-dist/tex/latex/graphics-def/pdftex.def
File: pdftex.def 2018/01/08 v1.0l Graphics/color driver for pdftex
)))
Package pdflscape Info: Auto-detected driver: pdftex on input line 81.
) (c:/Program Files/texlive/2018/texmf-dist/tex/latex/germbib/bibgerm.sty
Package: bibgerm 2000/08/18 v0.1 Support for mixed language bibliographies

** Macros for german `BibTeX'ing added to Style Option `german' 20 Apr 1993 **
** idea and languages `german' and `USenglish' implemented by M. Wallmeier **
** Modified for LaTeX 2e and german.sty 2.5b by A. Scherer 1 Nov 1995 **
** Modified for ngerman.sty and babel.sty by H. Harders 21 August 2000 **)
(c:/Program Files/texlive/2018/texmf-dist/tex/latex/epigraph/epigraph.sty
Package: epigraph 2009/09/02 v1.5c typesetting epigraphs
\beforeepigraphskip=\skip63
\afterepigraphskip=\skip64
\epigraphwidth=\skip65
\epigraphrule=\skip66
)
(c:/Program Files/texlive/2018/texmf-dist/tex/latex/glossaries/base/glossaries.
sty
Package: glossaries 2018/04/07 v4.37 (NLCT)
 (c:/Program Files/texlive/2018/texmf-dist/tex/latex/base/ifthen.sty
Package: ifthen 2014/09/29 v1.1c Standard LaTeX ifthen package (DPC)
)
(c:/Program Files/texlive/2018/texmf-dist/tex/latex/xkeyval/xkeyval.sty
Package: xkeyval 2014/12/03 v2.7a package option processing (HA)

(c:/Program Files/texlive/2018/texmf-dist/tex/generic/xkeyval/xkeyval.tex
(c:/Program Files/texlive/2018/texmf-dist/tex/generic/xkeyval/xkvutils.tex
\XKV@toks=\toks23
\XKV@tempa@toks=\toks24
)
\XKV@depth=\count116
File: xkeyval.tex 2014/12/03 v2.7a key=value parser (HA)
))
(c:/Program Files/texlive/2018/texmf-dist/tex/latex/mfirstuc/mfirstuc.sty
Package: mfirstuc 2017/11/14 v2.06 (NLCT)

(c:/Program Files/texlive/2018/texmf-dist/tex/latex/etoolbox/etoolbox.sty
Package: etoolbox 2018/02/11 v2.5e e-TeX tools for LaTeX (JAW)
\etb@tempcnta=\count117
)
\@glsmfirst=\toks25
\@glsmrest=\toks26
)
(c:/Program Files/texlive/2018/texmf-dist/tex/latex/textcase/textcase.sty
Package: textcase 2004/10/07 v0.07 Text only upper/lower case changing (DPC)
)
(c:/Program Files/texlive/2018/texmf-dist/tex/latex/xfor/xfor.sty
Package: xfor 2009/02/05 v1.05 (NLCT)
)
(c:/Program Files/texlive/2018/texmf-dist/tex/latex/datatool/datatool-base.sty
Package: datatool-base 2017/11/12 v2.29 (NLCT)

(c:/Program Files/texlive/2018/texmf-dist/tex/latex/substr/substr.sty
Package: substr 2009/10/20 v1.2 Handle substrings
\c@su@anzahl=\count118
)
(c:/Program Files/texlive/2018/texmf-dist/tex/latex/datatool/datatool-fp.sty
Package: datatool-fp 2017/11/12 v2.29 (NLCT)

(c:/Program Files/texlive/2018/texmf-dist/tex/latex/fp/fp.sty
Package: fp 1995/04/02

`Fixed Point Package', Version 0.8, April 2, 1995 (C) Michael Mehlich
(c:/Program Files/texlive/2018/texmf-dist/tex/latex/fp/defpattern.sty
Package: defpattern 1994/10/12
\actioncount=\count119
)
(c:/Program Files/texlive/2018/texmf-dist/tex/latex/fp/fp-basic.sty
Package: fp-basic 1996/05/13
\FP@xs=\count120
\FP@xia=\count121
\FP@xib=\count122
\FP@xfa=\count123
\FP@xfb=\count124
\FP@rega=\count125
\FP@regb=\count126
\FP@regs=\count127
\FP@times=\count128
)
(c:/Program Files/texlive/2018/texmf-dist/tex/latex/fp/fp-addons.sty
Package: fp-addons 1995/03/15
)
(c:/Program Files/texlive/2018/texmf-dist/tex/latex/fp/fp-snap.sty
Package: fp-snap 1995/04/05
)
(c:/Program Files/texlive/2018/texmf-dist/tex/latex/fp/fp-exp.sty
Package: fp-exp 1995/04/03
)
(c:/Program Files/texlive/2018/texmf-dist/tex/latex/fp/fp-trigo.sty
Package: fp-trigo 1995/04/14
)
(c:/Program Files/texlive/2018/texmf-dist/tex/latex/fp/fp-pas.sty
Package: fp-pas 1994/08/29
)
(c:/Program Files/texlive/2018/texmf-dist/tex/latex/fp/fp-random.sty
Package: fp-random 1995/02/23
\FPseed=\count129
)
(c:/Program Files/texlive/2018/texmf-dist/tex/latex/fp/fp-eqn.sty
Package: fp-eqn 1995/04/03
)
(c:/Program Files/texlive/2018/texmf-dist/tex/latex/fp/fp-upn.sty
Package: fp-upn 1996/10/21
)
(c:/Program Files/texlive/2018/texmf-dist/tex/latex/fp/fp-eval.sty
Package: fp-eval 1995/04/03
)))
\@dtl@toks=\toks27
\@dtl@tmpcount=\count130
\dtl@tmplength=\skip67
\dtl@sortresult=\count131
\@dtl@numgrpsepcount=\count132
\@dtl@datatype=\count133
\dtl@codeA=\count134
\dtl@codeB=\count135
\@dtl@foreach@level=\count136
)
(c:/Program Files/texlive/2018/texmf-dist/tex/latex/glossaries/base/glossaries-
compatible-307.sty
Package: glossaries-compatible-307 2018/04/07 v4.37 (NLCT)
)
(c:/Program Files/texlive/2018/texmf-dist/tex/latex/tracklang/tracklang.sty
Package: tracklang 2018/02/21 v1.3.5 (NLCT) Track Languages

(c:/Program Files/texlive/2018/texmf-dist/tex/generic/tracklang/tracklang.tex))

(c:/Program Files/texlive/2018/texmf-dist/tex/latex/glossaries-german/glossarie
s-german.ldf
File: glossaries-german.ldf 2014/11/23 v1.0
)
\gls@level=\count137
\@gls@tmpb=\toks28
\gls@tmplen=\skip68
\glskeylisttok=\toks29
\glslabeltok=\toks30
\glsshorttok=\toks31
\glslongtok=\toks32

(c:/Program Files/texlive/2018/texmf-dist/tex/latex/glossaries/styles/glossary-
hypernav.sty
Package: glossary-hypernav 2018/04/07 v4.37 (NLCT)
)
(c:/Program Files/texlive/2018/texmf-dist/tex/latex/glossaries/styles/glossary-
list.sty
Package: glossary-list 2018/04/07 v4.37 (NLCT)
\glslistdottedwidth=\skip69
)
(c:/Program Files/texlive/2018/texmf-dist/tex/latex/glossaries/styles/glossary-
long.sty
Package: glossary-long 2018/04/07 v4.37 (NLCT)

(c:/Program Files/texlive/2018/texmf-dist/tex/latex/tools/longtable.sty
Package: longtable 2014/10/28 v4.11 Multi-page Table package (DPC)
\LTleft=\skip70
\LTright=\skip71
\LTpre=\skip72
\LTpost=\skip73
\LTchunksize=\count138
\LTcapwidth=\dimen118
\LT@head=\box30
\LT@firsthead=\box31
\LT@foot=\box32
\LT@lastfoot=\box33
\LT@cols=\count139
\LT@rows=\count140
\c@LT@tables=\count141
\c@LT@chunks=\count142
\LT@p@ftn=\toks33
)
Class scrbook Info: longtable captions redefined on input line 43.
\glsdescwidth=\skip74
\glspagelistwidth=\skip75
)
(c:/Program Files/texlive/2018/texmf-dist/tex/latex/glossaries/styles/glossary-
super.sty
Package: glossary-super 2018/04/07 v4.37 (NLCT)

(c:/Program Files/texlive/2018/texmf-dist/tex/latex/supertabular/supertabular.s
ty
Package: supertabular 2004/02/20 v4.1e the supertabular environment
\c@tracingst=\count143
\ST@wd=\dimen119
\ST@rightskip=\skip76
\ST@leftskip=\skip77
\ST@parfillskip=\skip78
\ST@pageleft=\dimen120
\ST@headht=\dimen121
\ST@tailht=\dimen122
\ST@pagesofar=\dimen123
\ST@pboxht=\dimen124
\ST@lineht=\dimen125
\ST@stretchht=\dimen126
\ST@prevht=\dimen127
\ST@toadd=\dimen128
\ST@dimen=\dimen129
\ST@pbox=\box34
))
(c:/Program Files/texlive/2018/texmf-dist/tex/latex/glossaries/styles/glossary-
tree.sty
Package: glossary-tree 2018/04/07 v4.37 (NLCT)
\glstreeindent=\skip79
))
\glswrite=\write3
\glo@main@file=\write4
\openout4 = `Master.glo'.

Package glossaries Info: Writing glossary file Master.glo on input line 53.
\glo@acronym@file=\write5
\openout5 = `Master.acn'.

Package glossaries Info: Writing glossary file Master.acn on input line 53.

(c:/Program Files/texlive/2018/texmf-dist/tex/latex/multirow/multirow.sty
Package: multirow 2016/11/25 v2.2 Span multiple rows of a table
\multirow@colwidth=\skip80
\multirow@cntb=\count144
\multirow@dima=\skip81
\bigstrutjot=\dimen130
)
(c:/Program Files/texlive/2018/texmf-dist/tex/latex/tools/multicol.sty
Package: multicol 2018/04/01 v1.8r multicolumn formatting (FMi)
\c@tracingmulticols=\count145
\mult@box=\box35
\multicol@leftmargin=\dimen131
\c@unbalance=\count146
\c@collectmore=\count147
\doublecol@number=\count148
\multicoltolerance=\count149
\multicolpretolerance=\count150
\full@width=\dimen132
\page@free=\dimen133
\premulticols=\dimen134
\postmulticols=\dimen135
\multicolsep=\skip82
\multicolbaselineskip=\skip83
\partial@page=\box36
\last@line=\box37
\maxbalancingoverflow=\dimen136
\mult@rightbox=\box38
\mult@grightbox=\box39
\mult@gfirstbox=\box40
\mult@firstbox=\box41
\@tempa=\box42
\@tempa=\box43
\@tempa=\box44
\@tempa=\box45
\@tempa=\box46
\@tempa=\box47
\@tempa=\box48
\@tempa=\box49
\@tempa=\box50
\@tempa=\box51
\@tempa=\box52
\@tempa=\box53
\@tempa=\box54
\@tempa=\box55
\@tempa=\box56
\@tempa=\box57
\@tempa=\box58
\c@columnbadness=\count151
\c@finalcolumnbadness=\count152
\last@try=\dimen137
\multicolovershoot=\dimen138
\multicolundershoot=\dimen139
\mult@nat@firstbox=\box59
\colbreak@box=\box60
\mc@col@check@num=\count153
)
(c:/Program Files/texlive/2018/texmf-dist/tex/latex/tools/tabularx.sty
Package: tabularx 2016/02/03 v2.11b `tabularx' package (DPC)

(c:/Program Files/texlive/2018/texmf-dist/tex/latex/tools/array.sty
Package: array 2018/04/07 v2.4g Tabular extension package (FMi)
\col@sep=\dimen140
\ar@mcellbox=\box61
\extrarowheight=\dimen141
\NC@list=\toks34
\extratabsurround=\skip84
\backup@length=\skip85
\ar@cellbox=\box62
)
\TX@col@width=\dimen142
\TX@old@table=\dimen143
\TX@old@col=\dimen144
\TX@target=\dimen145
\TX@delta=\dimen146
\TX@cols=\count154
\TX@ftn=\toks35
)
(c:/Program Files/texlive/2018/texmf-dist/tex/latex/float/float.sty
Package: float 2001/11/08 v1.3d Float enhancements (AL)
\c@float@type=\count155
\float@exts=\toks36
\float@box=\box63
\@float@everytoks=\toks37
\@floatcapt=\box64
)
(c:/Program Files/texlive/2018/texmf-dist/tex/latex/graphics/rotating.sty
Package: rotating 2016/08/11 v2.16d rotated objects in LaTeX

(c:/Program Files/texlive/2018/texmf-dist/tex/latex/graphics/graphicx.sty
Package: graphicx 2017/06/01 v1.1a Enhanced LaTeX Graphics (DPC,SPQR)
\Gin@req@height=\dimen147
\Gin@req@width=\dimen148
)
\c@r@tfl@t=\count156
\rotFPtop=\skip86
\rotFPbot=\skip87
\rot@float@box=\box65
\rot@mess@toks=\toks38
)
(c:/Program Files/texlive/2018/texmf-dist/tex/latex/graphics/color.sty
Package: color 2016/07/10 v1.1e Standard LaTeX Color (DPC)

(c:/Program Files/texlive/2018/texmf-dist/tex/latex/graphics-cfg/color.cfg
File: color.cfg 2016/01/02 v1.6 sample color configuration
)
Package color Info: Driver file: pdftex.def on input line 147.
)
(c:/Program Files/texlive/2018/texmf-dist/tex/latex/floatflt/floatflt.sty
Package: floatflt 1997/07/16 v. 1.31
\c@OptionTest=\count157
\figbox=\box66
\tabbox=\box67
\pagebox=\box68
\ffigcount=\count158
\ftabcount=\count159
\fftest=\count160
\hangcount=\count161
\nosuccesstryfig=\count162
\nosuccesstrytab=\count163
\figgutter=\dimen149
\tabgutter=\dimen150
\htdone=\dimen151
\pageht=\dimen152
\startpageht=\dimen153
\tabbredd=\dimen154
\floatfltwidth=\dimen155
\fltitemwidth=\dimen156
\outputpretest=\toks39
)
(c:/Program Files/texlive/2018/texmf-dist/tex/latex/caption/caption.sty
Package: caption 2016/02/21 v3.3-144 Customizing captions (AR)

(c:/Program Files/texlive/2018/texmf-dist/tex/latex/caption/caption3.sty
Package: caption3 2016/05/22 v1.7-166 caption3 kernel (AR)
Package caption3 Info: TeX engine: e-TeX on input line 67.
\captionmargin=\dimen157
\captionmargin@=\dimen158
\captionwidth=\dimen159
\caption@tempdima=\dimen160
\caption@indent=\dimen161
\caption@parindent=\dimen162
\caption@hangindent=\dimen163
)
Package caption Info: KOMA-Script document class.
\c@ContinuedFloat=\count164
Package caption Info: float package is loaded.
Package caption Info: floatflt package is loaded.
Package caption Info: hyperref package is loaded.
Package caption Info: longtable package is loaded.

(c:/Program Files/texlive/2018/texmf-dist/tex/latex/caption/ltcaption.sty
Package: ltcaption 2013/06/09 v1.4-94 longtable captions (AR)
)
Package caption Info: rotating package is loaded.
Package caption Info: supertabular package is loaded.
)
(c:/Program Files/texlive/2018/texmf-dist/tex/latex/subfigure/subfigure.sty
Package: subfigure 2002/03/15 v2.1.5 subfigure package
\subfigtopskip=\skip88
\subfigcapskip=\skip89
\subfigcaptopadj=\dimen164
\subfigbottomskip=\skip90
\subfigcapmargin=\dimen165
\subfiglabelskip=\skip91
\c@subfigure=\count165
\c@lofdepth=\count166
\c@subtable=\count167
\c@lotdepth=\count168

****************************************
* Local config file subfigure.cfg used *
****************************************
(c:/Program Files/texlive/2018/texmf-dist/tex/latex/subfigure/subfigure.cfg)
\subfig@top=\skip92
\subfig@bottom=\skip93
)
(c:/Program Files/texlive/2018/texmf-dist/tex/latex/oberdiek/hypcap.sty
Package: hypcap 2016/05/16 v1.12 Adjusting the anchors of captions (HO)
)
(c:/Program Files/texlive/2018/texmf-dist/tex/latex/placeins/placeins.sty
Package: placeins 2005/04/18  v 2.2
)
(c:/Program Files/texlive/2018/texmf-dist/tex/latex/listings/listings.sty
\lst@mode=\count169
\lst@gtempboxa=\box69
\lst@token=\toks40
\lst@length=\count170
\lst@currlwidth=\dimen166
\lst@column=\count171
\lst@pos=\count172
\lst@lostspace=\dimen167
\lst@width=\dimen168
\lst@newlines=\count173
\lst@lineno=\count174
\lst@maxwidth=\dimen169

(c:/Program Files/texlive/2018/texmf-dist/tex/latex/listings/lstmisc.sty
File: lstmisc.sty 2015/06/04 1.6 (Carsten Heinz)
\c@lstnumber=\count175
\lst@skipnumbers=\count176
\lst@framebox=\box70
)
(c:/Program Files/texlive/2018/texmf-dist/tex/latex/listings/listings.cfg
File: listings.cfg 2015/06/04 1.6 listings configuration
))
Package: listings 2015/06/04 1.6 (Carsten Heinz)


Package typearea Warning: Bad type area settings!
(typearea)                The detected line width is about 20%
(typearea)                larger than the heuristically detected line width.
(typearea)                You should e.g. decrease DIV, increase fontsize
(typearea)                or change papersize.

Package typearea Info: These are the values describing the layout:
(typearea)             DIV  = 14
(typearea)             BCOR = 0.0pt
(typearea)             \paperwidth      = 597.50793pt
(typearea)              \textwidth      = 469.47052pt
(typearea)              DIV departure   = -20%
(typearea)              \evensidemargin = -8.25128pt
(typearea)              \oddsidemargin  = -8.25128pt
(typearea)             \paperheight     = 845.04694pt
(typearea)              \textheight     = 625.04192pt
(typearea)              \topmargin      = -11.9095pt
(typearea)              \headheight     = 17.85005pt
(typearea)              \headsep        = 21.42006pt
(typearea)              \topskip        = 11.0pt
(typearea)              \footskip       = 49.98015pt
(typearea)              \baselineskip   = 14.28004pt
(typearea)              on input line 105.
(c:/Program Files/texlive/2018/texmf-dist/tex/latex/geometry/geometry.sty
Package: geometry 2018/03/24 v5.7 Page Geometry
\Gm@cnth=\count177
\Gm@cntv=\count178
\c@Gm@tempcnt=\count179
\Gm@bindingoffset=\dimen170
\Gm@wd@mp=\dimen171
\Gm@odd@mp=\dimen172
\Gm@even@mp=\dimen173
\Gm@layoutwidth=\dimen174
\Gm@layoutheight=\dimen175
\Gm@layouthoffset=\dimen176
\Gm@layoutvoffset=\dimen177
\Gm@dimlist=\toks41
)
(c:/Program Files/texlive/2018/texmf-dist/tex/latex/lipsum/lipsum.sty
Package: lipsum 2014/07/27 v1.3 150 paragraphs of Lorem Ipsum dummy text
\c@lips@count=\count180
)

Class scrbook Warning: Usage of package `minitoc' together
(scrbook)              with a KOMA-Script class is not recommended.
(scrbook)              Nevertheless, using requested
(scrbook)              package `minitoc' on input line 138.

(c:/Program Files/texlive/2018/texmf-dist/tex/latex/minitoc/minitoc.sty
Package: minitoc 2015/07/13 v61 Package minitoc

(c:/Program Files/texlive/2018/texmf-dist/tex/latex/minitoc/mtcmess.sty
Package: mtcmess 2006/03/14
)
Package minitoc Info: I0001
(minitoc)             *** minitoc package, version 61 ***.
\tf@mtc=\write6
\mtcindent=\skip94
\mtcskipamount=\skip95
Package minitoc Info: I0005
(minitoc)             compatible with hyperref.
Package minitoc Info: I0023
(minitoc)             part level macros available.
Package minitoc Info: I0003
(minitoc)             chapter level macros available.
\mtc@toks=\toks42
\mtc@strutbox=\box71
\mtc@hstrutbox=\box72
Package minitoc Info: I0002
(minitoc)             Autoconfiguration of extensions.
\openout6 = `Master.mtc0'.

\openout6 = `Master.mtc'.


(./Master.mtc0)
Package minitoc Info: I0012
(minitoc)             Long extensions (Unix-like) will be used.
Package minitoc Info: I0031
(minitoc)             ==> this version is configured for UNIX-like 
(minitoc)                 (long extensions) file names.
\openout6 = `Master.mtc'.

\openout6 = `Master.mtc0'.

\c@mtc=\count181
\c@minitocdepth=\count182
\c@ptc=\count183
\c@parttocdepth=\count184
\ptcindent=\skip96
Package minitoc Info: I0010
(minitoc)             The english language is selected.
(minitoc)              on input line 4909.

(c:/Program Files/texlive/2018/texmf-dist/tex/latex/minitoc/english.mld
File: english.mld 2006/01/13
)
(c:/Program Files/texlive/2018/texmf-dist/tex/latex/minitoc/english.mld
File: english.mld 2006/01/13
))
Class scrbook Info: Deactivating the `minitoc' workaround for `\@sect',
(scrbook)           because it is not needed on input line 138.
Package minitoc Info: I0024
(minitoc)             PREPARING MINITOCS FROM Master.toc on input line 141.
Package minitoc Info: I0033
(minitoc)             Writing Master.mtc1.
\openout6 = `Master.mtc1'.

Package minitoc Info: I0033
(minitoc)             Writing Master.mtc2.
\openout6 = `Master.mtc2'.

Package minitoc Info: I0033
(minitoc)             Writing Master.mtc3.
\openout6 = `Master.mtc3'.

Package minitoc Info: I0033
(minitoc)             Writing Master.mtc4.
\openout6 = `Master.mtc4'.

Package minitoc Info: I0033
(minitoc)             Writing Master.mtc5.
\openout6 = `Master.mtc5'.

Package minitoc Info: I0033
(minitoc)             Writing Master.mtc6.
\openout6 = `Master.mtc6'.

Package minitoc Info: I0033
(minitoc)             Writing Master.mtc7.
\openout6 = `Master.mtc7'.

Package minitoc Info: I0010
(minitoc)             The german language is selected.
(minitoc)              on input line 141.

(c:/Program Files/texlive/2018/texmf-dist/tex/latex/minitoc/german.mld
File: german.mld 1999/03/16
))
\@input{definitionen.aux}
\openout2 = `definitionen.aux'.

No file definitionen.tex.
(./Master.aux (./titelseite.aux) (./abstract.aux) (./1-einleitung.aux)
(./2-grundlagen.aux) (./3-standdertechnik.aux) (./4-anforderungsanalyse.aux)
(./5-konzeption.aux) (./6-umsetzung.aux) (./7-fazit.aux) (./anhang.aux)
(./verzeichnisse.aux) (./danksagungen.aux) (./eidesstattliche_erklaerung.aux))
\openout1 = `Master.aux'.

LaTeX Font Info:    Checking defaults for OML/cmm/m/it on input line 13.
LaTeX Font Info:    ... okay on input line 13.
LaTeX Font Info:    Checking defaults for T1/cmr/m/n on input line 13.
LaTeX Font Info:    ... okay on input line 13.
LaTeX Font Info:    Checking defaults for OT1/cmr/m/n on input line 13.
LaTeX Font Info:    ... okay on input line 13.
LaTeX Font Info:    Checking defaults for OMS/cmsy/m/n on input line 13.
LaTeX Font Info:    ... okay on input line 13.
LaTeX Font Info:    Checking defaults for OMX/cmex/m/n on input line 13.
LaTeX Font Info:    ... okay on input line 13.
LaTeX Font Info:    Checking defaults for U/cmr/m/n on input line 13.
LaTeX Font Info:    ... okay on input line 13.
LaTeX Font Info:    Checking defaults for PD1/pdf/m/n on input line 13.
LaTeX Font Info:    ... okay on input line 13.
\AtBeginShipoutBox=\box73
Package hyperref Info: Link coloring OFF on input line 13.

(c:/Program Files/texlive/2018/texmf-dist/tex/latex/hyperref/nameref.sty
Package: nameref 2016/05/21 v2.44 Cross-referencing by name of section

(c:/Program Files/texlive/2018/texmf-dist/tex/generic/oberdiek/gettitlestring.s
ty
Package: gettitlestring 2016/05/16 v1.5 Cleanup title references (HO)
)
\c@section@level=\count185
)
LaTeX Info: Redefining \ref on input line 13.
LaTeX Info: Redefining \pageref on input line 13.
LaTeX Info: Redefining \nameref on input line 13.
 (./Master.out) (./Master.out)
\@outlinefile=\write7
\openout7 = `Master.out'.

LaTeX Info: Redefining \microtypecontext on input line 13.
Package microtype Info: Generating PDF output.
Package microtype Info: Character protrusion enabled (level 2).
Package microtype Info: Using default protrusion set `alltext'.
Package microtype Info: Automatic font expansion enabled (level 2),
(microtype)             stretch: 20, shrink: 20, step: 1, non-selected.
Package microtype Info: Using default expansion set `basictext'.
Package microtype Info: No adjustment of tracking.
Package microtype Info: No adjustment of interword spacing.
Package microtype Info: No adjustment of character kerning.

(c:/Program Files/texlive/2018/texmf-dist/tex/latex/microtype/mt-cmr.cfg
File: mt-cmr.cfg 2013/05/19 v2.2 microtype config. file: Computer Modern Roman 
(RS)
)
(c:/Program Files/texlive/2018/texmf-dist/tex/context/base/mkii/supp-pdf.mkii
[Loading MPS to PDF converter (version 2006.09.02).]
\scratchcounter=\count186
\scratchdimen=\dimen178
\scratchbox=\box74
\nofMPsegments=\count187
\nofMParguments=\count188
\everyMPshowfont=\toks43
\MPscratchCnt=\count189
\MPscratchDim=\dimen179
\MPnumerator=\count190
\makeMPintoPDFobject=\count191
\everyMPtoPDFconversion=\toks44
)
(c:/Program Files/texlive/2018/texmf-dist/tex/latex/oberdiek/epstopdf-base.sty
Package: epstopdf-base 2016/05/15 v2.6 Base part for package epstopdf

(c:/Program Files/texlive/2018/texmf-dist/tex/latex/oberdiek/grfext.sty
Package: grfext 2016/05/16 v1.2 Manage graphics extensions (HO)
)
Package epstopdf-base Info: Redefining graphics rule for `.eps' on input line 4
38.
Package grfext Info: Graphics extension search list:
(grfext)             [.pdf,.png,.jpg,.eps]
(grfext)             \AppendGraphicsExtensions on input line 456.

(c:/Program Files/texlive/2018/texmf-dist/tex/latex/latexconfig/epstopdf-sys.cf
g
File: epstopdf-sys.cfg 2010/07/13 v1.3 Configuration of (r)epstopdf for TeX Liv
e
))

bibgerm.sty: babel.sty detected

Package caption Info: Begin \AtBeginDocument code.
Package caption Info: hypcap package is loaded.
Package caption Info: listings package is loaded.
Package caption Info: subfigure package is loaded.
Package caption Info: End \AtBeginDocument code.
\c@lstlisting=\count192
*geometry* driver: auto-detecting
*geometry* detected driver: pdftex
*geometry* verbose mode - [ preamble ] result:
* driver: pdftex
* paper: <default>
* layout: <same size as paper>
* layoutoffset:(h,v)=(0.0pt,0.0pt)
* modes: includehead includefoot 
* h-part:(L,W,R)=(71.13188pt, 441.01779pt, 85.35826pt)
* v-part:(T,H,B)=(56.9055pt, 731.23593pt, 56.9055pt)
* \paperwidth=597.50793pt
* \paperheight=845.04694pt
* \textwidth=441.01779pt
* \textheight=641.98567pt
* \oddsidemargin=-1.1381pt
* \evensidemargin=-1.1381pt
* \topmargin=-15.36449pt
* \headheight=17.85005pt
* \headsep=21.42006pt
* \topskip=11.0pt
* \footskip=49.98015pt
* \marginparwidth=42.67914pt
* \marginparsep=12.8401pt
* \columnsep=10.0pt
* \skip\footins=10.0pt plus 4.0pt minus 2.0pt
* \hoffset=0.0pt
* \voffset=0.0pt
* \mag=1000
* \@twocolumnfalse
* \@twosidefalse
* \@mparswitchfalse
* \@reversemarginfalse
* (1in=72.27pt=25.4mm, 1cm=28.453pt)

\c@minilofdepth=\count193
\c@minilotdepth=\count194
\c@partlofdepth=\count195
\c@partlotdepth=\count196
\c@sectlofdepth=\count197
\c@sectlotdepth=\count198
\openout2 = `titelseite.aux'.

No file titelseite.tex.
\openout2 = `abstract.aux'.

No file abstract.tex.
Package tocbasic Info: character protrusion at toc deactivated on input line 29
.
(./Master.toc
Package babel Info: Redefining ngerman shorthand "|
(babel)             in language  on input line 41.
Package babel Info: Redefining ngerman shorthand "~
(babel)             in language  on input line 41.
Package babel Info: Redefining ngerman shorthand "|
(babel)             in language  on input line 41.
Package babel Info: Redefining ngerman shorthand "~
(babel)             in language  on input line 41.
 [1

\openout3 = `Master.ist'.









{c:/Program Files/texlive/2018/texmf-var/fonts/map/pdftex/updmap/pdftex.map}])
\tf@toc=\write8
\openout8 = `Master.toc'.

Package babel Info: Redefining ngerman shorthand "|
(babel)             in language  on input line 31.
Package babel Info: Redefining ngerman shorthand "~
(babel)             in language  on input line 31.
Package babel Info: Redefining ngerman shorthand "|
(babel)             in language  on input line 31.
Package babel Info: Redefining ngerman shorthand "~
(babel)             in language  on input line 31.
 [2]
\openout2 = `1-einleitung.aux'.

 (./1-einleitung.tex
chapter 1.
Package babel Info: Redefining ngerman shorthand "|
(babel)             in language  on input line 1.
Package babel Info: Redefining ngerman shorthand "~
(babel)             in language  on input line 1.

Class scrbook Warning: \float@addtolists detected!
(scrbook)              Implementation of \float@addtolist became
(scrbook)              deprecated in KOMA-Script v3.01 2008/11/14 and
(scrbook)              has been replaced by several more flexible
(scrbook)              features of package `tocbasic`.
(scrbook)              Since Version 3.12 support for deprecated
(scrbook)              \float@addtolist interface has been
(scrbook)              restricted to only some of the KOMA-Script
(scrbook)              features and been removed from others.
(scrbook)              Loading of package `scrhack' may help to
(scrbook)              avoid this warning, if you are using a
(scrbook)              a package that still implements the
(scrbook)              deprecated \float@addtolist interface .

Package babel Info: Redefining ngerman shorthand "|
(babel)             in language  on input line 3.
Package babel Info: Redefining ngerman shorthand "~
(babel)             in language  on input line 3.
Package babel Info: Redefining ngerman shorthand "|
(babel)             in language  on input line 3.
Package babel Info: Redefining ngerman shorthand "~
(babel)             in language  on input line 3.
[1



]
Overfull \vbox (0.54669pt too high) has occurred while \output is active []

Package babel Info: Redefining ngerman shorthand "|
(babel)             in language  on input line 3.
Package babel Info: Redefining ngerman shorthand "~
(babel)             in language  on input line 3.
Package babel Info: Redefining ngerman shorthand "|
(babel)             in language  on input line 3.
Package babel Info: Redefining ngerman shorthand "~
(babel)             in language  on input line 3.

[2]
Overfull \vbox (0.54669pt too high) has occurred while \output is active []

Package babel Info: Redefining ngerman shorthand "|
(babel)             in language  on input line 5.
Package babel Info: Redefining ngerman shorthand "~
(babel)             in language  on input line 5.
Package babel Info: Redefining ngerman shorthand "|
(babel)             in language  on input line 5.
Package babel Info: Redefining ngerman shorthand "~
(babel)             in language  on input line 5.

[3]
Package babel Info: Redefining ngerman shorthand "|
(babel)             in language  on input line 5.
Package babel Info: Redefining ngerman shorthand "~
(babel)             in language  on input line 5.
Package babel Info: Redefining ngerman shorthand "|
(babel)             in language  on input line 6.
Package babel Info: Redefining ngerman shorthand "~
(babel)             in language  on input line 6.
Package babel Info: Redefining ngerman shorthand "|
(babel)             in language  on input line 9.
Package babel Info: Redefining ngerman shorthand "~
(babel)             in language  on input line 9.
Package babel Info: Redefining ngerman shorthand "|
(babel)             in language  on input line 10.
Package babel Info: Redefining ngerman shorthand "~
(babel)             in language  on input line 10.
Package babel Info: Redefining ngerman shorthand "|
(babel)             in language  on input line 11.
Package babel Info: Redefining ngerman shorthand "~
(babel)             in language  on input line 11.
Package babel Info: Redefining ngerman shorthand "|
(babel)             in language  on input line 12.
Package babel Info: Redefining ngerman shorthand "~
(babel)             in language  on input line 12.
Package babel Info: Redefining ngerman shorthand "|
(babel)             in language  on input line 14.
Package babel Info: Redefining ngerman shorthand "~
(babel)             in language  on input line 14.
)
Overfull \vbox (0.54669pt too high) has occurred while \output is active []

Package babel Info: Redefining ngerman shorthand "|
(babel)             in language  on input line 39.
Package babel Info: Redefining ngerman shorthand "~
(babel)             in language  on input line 39.
Package babel Info: Redefining ngerman shorthand "|
(babel)             in language  on input line 39.
Package babel Info: Redefining ngerman shorthand "~
(babel)             in language  on input line 39.

[4]
\openout2 = `2-grundlagen.aux'.

 (./2-grundlagen.tex
chapter 2.
Package babel Info: Redefining ngerman shorthand "|
(babel)             in language  on input line 1.
Package babel Info: Redefining ngerman shorthand "~
(babel)             in language  on input line 1.
\openout6 = `Master.mtc'.

\openout6 = `Master.mtc'.


Overfull \hbox (146.99022pt too wide) in paragraph at lines 3--3
[][][]  
 []

(./Master.mtc2)
Overfull \hbox (146.99022pt too wide) in paragraph at lines 3--3
[][]  
 []

Package babel Info: Redefining ngerman shorthand "|
(babel)             in language  on input line 4.
Package babel Info: Redefining ngerman shorthand "~
(babel)             in language  on input line 4.
Package babel Info: Redefining ngerman shorthand "|
(babel)             in language  on input line 4.
Package babel Info: Redefining ngerman shorthand "~
(babel)             in language  on input line 4.
[5




]
Overfull \vbox (0.54669pt too high) has occurred while \output is active []

Package babel Info: Redefining ngerman shorthand "|
(babel)             in language  on input line 4.
Package babel Info: Redefining ngerman shorthand "~
(babel)             in language  on input line 4.
Package babel Info: Redefining ngerman shorthand "|
(babel)             in language  on input line 4.
Package babel Info: Redefining ngerman shorthand "~
(babel)             in language  on input line 4.

[6]
Overfull \vbox (0.54669pt too high) has occurred while \output is active []

Package babel Info: Redefining ngerman shorthand "|
(babel)             in language  on input line 4.
Package babel Info: Redefining ngerman shorthand "~
(babel)             in language  on input line 4.
Package babel Info: Redefining ngerman shorthand "|
(babel)             in language  on input line 4.
Package babel Info: Redefining ngerman shorthand "~
(babel)             in language  on input line 4.

[7]
Overfull \vbox (0.54669pt too high) has occurred while \output is active []

Package babel Info: Redefining ngerman shorthand "|
(babel)             in language  on input line 4.
Package babel Info: Redefining ngerman shorthand "~
(babel)             in language  on input line 4.
Package babel Info: Redefining ngerman shorthand "|
(babel)             in language  on input line 4.
Package babel Info: Redefining ngerman shorthand "~
(babel)             in language  on input line 4.

[8]
Overfull \vbox (0.54669pt too high) has occurred while \output is active []

Package babel Info: Redefining ngerman shorthand "|
(babel)             in language  on input line 4.
Package babel Info: Redefining ngerman shorthand "~
(babel)             in language  on input line 4.
Package babel Info: Redefining ngerman shorthand "|
(babel)             in language  on input line 4.
Package babel Info: Redefining ngerman shorthand "~
(babel)             in language  on input line 4.

[9]
Overfull \vbox (0.54669pt too high) has occurred while \output is active []

Package babel Info: Redefining ngerman shorthand "|
(babel)             in language  on input line 4.
Package babel Info: Redefining ngerman shorthand "~
(babel)             in language  on input line 4.
Package babel Info: Redefining ngerman shorthand "|
(babel)             in language  on input line 4.
Package babel Info: Redefining ngerman shorthand "~
(babel)             in language  on input line 4.

[10]
Overfull \vbox (0.54669pt too high) has occurred while \output is active []

Package babel Info: Redefining ngerman shorthand "|
(babel)             in language  on input line 4.
Package babel Info: Redefining ngerman shorthand "~
(babel)             in language  on input line 4.
Package babel Info: Redefining ngerman shorthand "|
(babel)             in language  on input line 4.
Package babel Info: Redefining ngerman shorthand "~
(babel)             in language  on input line 4.

[11]
Overfull \vbox (0.54669pt too high) has occurred while \output is active []

Package babel Info: Redefining ngerman shorthand "|
(babel)             in language  on input line 4.
Package babel Info: Redefining ngerman shorthand "~
(babel)             in language  on input line 4.
Package babel Info: Redefining ngerman shorthand "|
(babel)             in language  on input line 4.
Package babel Info: Redefining ngerman shorthand "~
(babel)             in language  on input line 4.

[12]
Overfull \vbox (0.54669pt too high) has occurred while \output is active []

Package babel Info: Redefining ngerman shorthand "|
(babel)             in language  on input line 4.
Package babel Info: Redefining ngerman shorthand "~
(babel)             in language  on input line 4.
Package babel Info: Redefining ngerman shorthand "|
(babel)             in language  on input line 4.
Package babel Info: Redefining ngerman shorthand "~
(babel)             in language  on input line 4.

[13]
Package babel Info: Redefining ngerman shorthand "|
(babel)             in language  on input line 5.
Package babel Info: Redefining ngerman shorthand "~
(babel)             in language  on input line 5.
Package babel Info: Redefining ngerman shorthand "|
(babel)             in language  on input line 6.
Package babel Info: Redefining ngerman shorthand "~
(babel)             in language  on input line 6.
Package babel Info: Redefining ngerman shorthand "|
(babel)             in language  on input line 7.
Package babel Info: Redefining ngerman shorthand "~
(babel)             in language  on input line 7.
Package babel Info: Redefining ngerman shorthand "|
(babel)             in language  on input line 9.
Package babel Info: Redefining ngerman shorthand "~
(babel)             in language  on input line 9.
Package babel Info: Redefining ngerman shorthand "|
(babel)             in language  on input line 11.
Package babel Info: Redefining ngerman shorthand "~
(babel)             in language  on input line 11.
Package babel Info: Redefining ngerman shorthand "|
(babel)             in language  on input line 13.
Package babel Info: Redefining ngerman shorthand "~
(babel)             in language  on input line 13.
Package babel Info: Redefining ngerman shorthand "|
(babel)             in language  on input line 14.
Package babel Info: Redefining ngerman shorthand "~
(babel)             in language  on input line 14.
Package babel Info: Redefining ngerman shorthand "|
(babel)             in language  on input line 15.
Package babel Info: Redefining ngerman shorthand "~
(babel)             in language  on input line 15.
Package babel Info: Redefining ngerman shorthand "|
(babel)             in language  on input line 16.
Package babel Info: Redefining ngerman shorthand "~
(babel)             in language  on input line 16.
Package babel Info: Redefining ngerman shorthand "|
(babel)             in language  on input line 17.
Package babel Info: Redefining ngerman shorthand "~
(babel)             in language  on input line 17.
Package babel Info: Redefining ngerman shorthand "|
(babel)             in language  on input line 18.
Package babel Info: Redefining ngerman shorthand "~
(babel)             in language  on input line 18.
Package babel Info: Redefining ngerman shorthand "|
(babel)             in language  on input line 19.
Package babel Info: Redefining ngerman shorthand "~
(babel)             in language  on input line 19.
Package babel Info: Redefining ngerman shorthand "|
(babel)             in language  on input line 21.
Package babel Info: Redefining ngerman shorthand "~
(babel)             in language  on input line 21.
Package babel Info: Redefining ngerman shorthand "|
(babel)             in language  on input line 22.
Package babel Info: Redefining ngerman shorthand "~
(babel)             in language  on input line 22.
Package babel Info: Redefining ngerman shorthand "|
(babel)             in language  on input line 24.
Package babel Info: Redefining ngerman shorthand "~
(babel)             in language  on input line 24.
Package babel Info: Redefining ngerman shorthand "|
(babel)             in language  on input line 25.
Package babel Info: Redefining ngerman shorthand "~
(babel)             in language  on input line 25.
)
Overfull \vbox (0.54669pt too high) has occurred while \output is active []

Package babel Info: Redefining ngerman shorthand "|
(babel)             in language  on input line 40.
Package babel Info: Redefining ngerman shorthand "~
(babel)             in language  on input line 40.
Package babel Info: Redefining ngerman shorthand "|
(babel)             in language  on input line 40.
Package babel Info: Redefining ngerman shorthand "~
(babel)             in language  on input line 40.

[14]
Overfull \vbox (0.54669pt too high) has occurred while \output is active []

Package babel Info: Redefining ngerman shorthand "|
(babel)             in language  on input line 40.
Package babel Info: Redefining ngerman shorthand "~
(babel)             in language  on input line 40.
Package babel Info: Redefining ngerman shorthand "|
(babel)             in language  on input line 40.
Package babel Info: Redefining ngerman shorthand "~
(babel)             in language  on input line 40.

[15]
\openout2 = `3-standdertechnik.aux'.

 (./3-standdertechnik.tex
chapter 3.
Package babel Info: Redefining ngerman shorthand "|
(babel)             in language  on input line 1.
Package babel Info: Redefining ngerman shorthand "~
(babel)             in language  on input line 1.
Package babel Info: Redefining ngerman shorthand "|
(babel)             in language  on input line 4.
Package babel Info: Redefining ngerman shorthand "~
(babel)             in language  on input line 4.
Package babel Info: Redefining ngerman shorthand "|
(babel)             in language  on input line 4.
Package babel Info: Redefining ngerman shorthand "~
(babel)             in language  on input line 4.
[16




]
Overfull \vbox (0.54669pt too high) has occurred while \output is active []

Package babel Info: Redefining ngerman shorthand "|
(babel)             in language  on input line 4.
Package babel Info: Redefining ngerman shorthand "~
(babel)             in language  on input line 4.
Package babel Info: Redefining ngerman shorthand "|
(babel)             in language  on input line 4.
Package babel Info: Redefining ngerman shorthand "~
(babel)             in language  on input line 4.

[17]
Overfull \vbox (0.54669pt too high) has occurred while \output is active []

Package babel Info: Redefining ngerman shorthand "|
(babel)             in language  on input line 4.
Package babel Info: Redefining ngerman shorthand "~
(babel)             in language  on input line 4.
Package babel Info: Redefining ngerman shorthand "|
(babel)             in language  on input line 4.
Package babel Info: Redefining ngerman shorthand "~
(babel)             in language  on input line 4.

[18]
Overfull \vbox (0.54669pt too high) has occurred while \output is active []

Package babel Info: Redefining ngerman shorthand "|
(babel)             in language  on input line 4.
Package babel Info: Redefining ngerman shorthand "~
(babel)             in language  on input line 4.
Package babel Info: Redefining ngerman shorthand "|
(babel)             in language  on input line 4.
Package babel Info: Redefining ngerman shorthand "~
(babel)             in language  on input line 4.

[19]
Overfull \vbox (0.54669pt too high) has occurred while \output is active []

Package babel Info: Redefining ngerman shorthand "|
(babel)             in language  on input line 4.
Package babel Info: Redefining ngerman shorthand "~
(babel)             in language  on input line 4.
Package babel Info: Redefining ngerman shorthand "|
(babel)             in language  on input line 4.
Package babel Info: Redefining ngerman shorthand "~
(babel)             in language  on input line 4.

[20]
Package babel Info: Redefining ngerman shorthand "|
(babel)             in language  on input line 6.
Package babel Info: Redefining ngerman shorthand "~
(babel)             in language  on input line 6.
Package babel Info: Redefining ngerman shorthand "|
(babel)             in language  on input line 7.
Package babel Info: Redefining ngerman shorthand "~
(babel)             in language  on input line 7.
Package babel Info: Redefining ngerman shorthand "|
(babel)             in language  on input line 8.
Package babel Info: Redefining ngerman shorthand "~
(babel)             in language  on input line 8.
Package babel Info: Redefining ngerman shorthand "|
(babel)             in language  on input line 15.
Package babel Info: Redefining ngerman shorthand "~
(babel)             in language  on input line 15.
Package babel Info: Redefining ngerman shorthand "|
(babel)             in language  on input line 16.
Package babel Info: Redefining ngerman shorthand "~
(babel)             in language  on input line 16.
Package babel Info: Redefining ngerman shorthand "|
(babel)             in language  on input line 17.
Package babel Info: Redefining ngerman shorthand "~
(babel)             in language  on input line 17.
)
Overfull \vbox (0.54669pt too high) has occurred while \output is active []

Package babel Info: Redefining ngerman shorthand "|
(babel)             in language  on input line 41.
Package babel Info: Redefining ngerman shorthand "~
(babel)             in language  on input line 41.
Package babel Info: Redefining ngerman shorthand "|
(babel)             in language  on input line 41.
Package babel Info: Redefining ngerman shorthand "~
(babel)             in language  on input line 41.

[21]
Overfull \vbox (0.54669pt too high) has occurred while \output is active []

Package babel Info: Redefining ngerman shorthand "|
(babel)             in language  on input line 41.
Package babel Info: Redefining ngerman shorthand "~
(babel)             in language  on input line 41.
Package babel Info: Redefining ngerman shorthand "|
(babel)             in language  on input line 41.
Package babel Info: Redefining ngerman shorthand "~
(babel)             in language  on input line 41.

[22]
\openout2 = `4-anforderungsanalyse.aux'.

 (./4-anforderungsanalyse.tex
chapter 4.
Package babel Info: Redefining ngerman shorthand "|
(babel)             in language  on input line 1.
Package babel Info: Redefining ngerman shorthand "~
(babel)             in language  on input line 1.
Package babel Info: Redefining ngerman shorthand "|
(babel)             in language  on input line 4.
Package babel Info: Redefining ngerman shorthand "~
(babel)             in language  on input line 4.
Package babel Info: Redefining ngerman shorthand "|
(babel)             in language  on input line 4.
Package babel Info: Redefining ngerman shorthand "~
(babel)             in language  on input line 4.
[23




]
Overfull \vbox (0.54669pt too high) has occurred while \output is active []

Package babel Info: Redefining ngerman shorthand "|
(babel)             in language  on input line 4.
Package babel Info: Redefining ngerman shorthand "~
(babel)             in language  on input line 4.
Package babel Info: Redefining ngerman shorthand "|
(babel)             in language  on input line 4.
Package babel Info: Redefining ngerman shorthand "~
(babel)             in language  on input line 4.

[24]
Overfull \vbox (0.54669pt too high) has occurred while \output is active []

Package babel Info: Redefining ngerman shorthand "|
(babel)             in language  on input line 4.
Package babel Info: Redefining ngerman shorthand "~
(babel)             in language  on input line 4.
Package babel Info: Redefining ngerman shorthand "|
(babel)             in language  on input line 4.
Package babel Info: Redefining ngerman shorthand "~
(babel)             in language  on input line 4.

[25]
Overfull \vbox (0.54669pt too high) has occurred while \output is active []

Package babel Info: Redefining ngerman shorthand "|
(babel)             in language  on input line 4.
Package babel Info: Redefining ngerman shorthand "~
(babel)             in language  on input line 4.
Package babel Info: Redefining ngerman shorthand "|
(babel)             in language  on input line 4.
Package babel Info: Redefining ngerman shorthand "~
(babel)             in language  on input line 4.

[26]
Overfull \vbox (0.54669pt too high) has occurred while \output is active []

Package babel Info: Redefining ngerman shorthand "|
(babel)             in language  on input line 4.
Package babel Info: Redefining ngerman shorthand "~
(babel)             in language  on input line 4.
Package babel Info: Redefining ngerman shorthand "|
(babel)             in language  on input line 4.
Package babel Info: Redefining ngerman shorthand "~
(babel)             in language  on input line 4.

[27]
Overfull \vbox (0.54669pt too high) has occurred while \output is active []

Package babel Info: Redefining ngerman shorthand "|
(babel)             in language  on input line 4.
Package babel Info: Redefining ngerman shorthand "~
(babel)             in language  on input line 4.
Package babel Info: Redefining ngerman shorthand "|
(babel)             in language  on input line 4.
Package babel Info: Redefining ngerman shorthand "~
(babel)             in language  on input line 4.

[28]
Overfull \vbox (0.54669pt too high) has occurred while \output is active []

Package babel Info: Redefining ngerman shorthand "|
(babel)             in language  on input line 4.
Package babel Info: Redefining ngerman shorthand "~
(babel)             in language  on input line 4.
Package babel Info: Redefining ngerman shorthand "|
(babel)             in language  on input line 4.
Package babel Info: Redefining ngerman shorthand "~
(babel)             in language  on input line 4.

[29]
Overfull \vbox (0.54669pt too high) has occurred while \output is active []

Package babel Info: Redefining ngerman shorthand "|
(babel)             in language  on input line 4.
Package babel Info: Redefining ngerman shorthand "~
(babel)             in language  on input line 4.
Package babel Info: Redefining ngerman shorthand "|
(babel)             in language  on input line 4.
Package babel Info: Redefining ngerman shorthand "~
(babel)             in language  on input line 4.

[30]
Overfull \vbox (0.54669pt too high) has occurred while \output is active []

Package babel Info: Redefining ngerman shorthand "|
(babel)             in language  on input line 4.
Package babel Info: Redefining ngerman shorthand "~
(babel)             in language  on input line 4.
Package babel Info: Redefining ngerman shorthand "|
(babel)             in language  on input line 4.
Package babel Info: Redefining ngerman shorthand "~
(babel)             in language  on input line 4.

[31]
Overfull \vbox (0.54669pt too high) has occurred while \output is active []

Package babel Info: Redefining ngerman shorthand "|
(babel)             in language  on input line 4.
Package babel Info: Redefining ngerman shorthand "~
(babel)             in language  on input line 4.
Package babel Info: Redefining ngerman shorthand "|
(babel)             in language  on input line 4.
Package babel Info: Redefining ngerman shorthand "~
(babel)             in language  on input line 4.

[32]
Package babel Info: Redefining ngerman shorthand "|
(babel)             in language  on input line 5.
Package babel Info: Redefining ngerman shorthand "~
(babel)             in language  on input line 5.
Package babel Info: Redefining ngerman shorthand "|
(babel)             in language  on input line 7.
Package babel Info: Redefining ngerman shorthand "~
(babel)             in language  on input line 7.
Package babel Info: Redefining ngerman shorthand "|
(babel)             in language  on input line 9.
Package babel Info: Redefining ngerman shorthand "~
(babel)             in language  on input line 9.
Package babel Info: Redefining ngerman shorthand "|
(babel)             in language  on input line 11.
Package babel Info: Redefining ngerman shorthand "~
(babel)             in language  on input line 11.
Package babel Info: Redefining ngerman shorthand "|
(babel)             in language  on input line 12.
Package babel Info: Redefining ngerman shorthand "~
(babel)             in language  on input line 12.
Package babel Info: Redefining ngerman shorthand "|
(babel)             in language  on input line 13.
Package babel Info: Redefining ngerman shorthand "~
(babel)             in language  on input line 13.
Package babel Info: Redefining ngerman shorthand "|
(babel)             in language  on input line 14.
Package babel Info: Redefining ngerman shorthand "~
(babel)             in language  on input line 14.
Package babel Info: Redefining ngerman shorthand "|
(babel)             in language  on input line 15.
Package babel Info: Redefining ngerman shorthand "~
(babel)             in language  on input line 15.
)
Overfull \vbox (0.54669pt too high) has occurred while \output is active []

Package babel Info: Redefining ngerman shorthand "|
(babel)             in language  on input line 42.
Package babel Info: Redefining ngerman shorthand "~
(babel)             in language  on input line 42.
Package babel Info: Redefining ngerman shorthand "|
(babel)             in language  on input line 42.
Package babel Info: Redefining ngerman shorthand "~
(babel)             in language  on input line 42.

[33]
\openout2 = `5-konzeption.aux'.

 (./5-konzeption.tex
chapter 5.
Package babel Info: Redefining ngerman shorthand "|
(babel)             in language  on input line 1.
Package babel Info: Redefining ngerman shorthand "~
(babel)             in language  on input line 1.
Package babel Info: Redefining ngerman shorthand "|
(babel)             in language  on input line 3.
Package babel Info: Redefining ngerman shorthand "~
(babel)             in language  on input line 3.
Package babel Info: Redefining ngerman shorthand "|
(babel)             in language  on input line 3.
Package babel Info: Redefining ngerman shorthand "~
(babel)             in language  on input line 3.
[34




]
Overfull \vbox (0.54669pt too high) has occurred while \output is active []

Package babel Info: Redefining ngerman shorthand "|
(babel)             in language  on input line 3.
Package babel Info: Redefining ngerman shorthand "~
(babel)             in language  on input line 3.
Package babel Info: Redefining ngerman shorthand "|
(babel)             in language  on input line 3.
Package babel Info: Redefining ngerman shorthand "~
(babel)             in language  on input line 3.

[35]
Overfull \vbox (0.54669pt too high) has occurred while \output is active []

Package babel Info: Redefining ngerman shorthand "|
(babel)             in language  on input line 3.
Package babel Info: Redefining ngerman shorthand "~
(babel)             in language  on input line 3.
Package babel Info: Redefining ngerman shorthand "|
(babel)             in language  on input line 3.
Package babel Info: Redefining ngerman shorthand "~
(babel)             in language  on input line 3.

[36]
Overfull \vbox (0.54669pt too high) has occurred while \output is active []

Package babel Info: Redefining ngerman shorthand "|
(babel)             in language  on input line 3.
Package babel Info: Redefining ngerman shorthand "~
(babel)             in language  on input line 3.
Package babel Info: Redefining ngerman shorthand "|
(babel)             in language  on input line 3.
Package babel Info: Redefining ngerman shorthand "~
(babel)             in language  on input line 3.

[37]
Overfull \vbox (0.54669pt too high) has occurred while \output is active []

Package babel Info: Redefining ngerman shorthand "|
(babel)             in language  on input line 3.
Package babel Info: Redefining ngerman shorthand "~
(babel)             in language  on input line 3.
Package babel Info: Redefining ngerman shorthand "|
(babel)             in language  on input line 3.
Package babel Info: Redefining ngerman shorthand "~
(babel)             in language  on input line 3.

[38]
Overfull \vbox (0.54669pt too high) has occurred while \output is active []

Package babel Info: Redefining ngerman shorthand "|
(babel)             in language  on input line 3.
Package babel Info: Redefining ngerman shorthand "~
(babel)             in language  on input line 3.
Package babel Info: Redefining ngerman shorthand "|
(babel)             in language  on input line 3.
Package babel Info: Redefining ngerman shorthand "~
(babel)             in language  on input line 3.

[39]
Overfull \vbox (0.54669pt too high) has occurred while \output is active []

Package babel Info: Redefining ngerman shorthand "|
(babel)             in language  on input line 3.
Package babel Info: Redefining ngerman shorthand "~
(babel)             in language  on input line 3.
Package babel Info: Redefining ngerman shorthand "|
(babel)             in language  on input line 3.
Package babel Info: Redefining ngerman shorthand "~
(babel)             in language  on input line 3.

[40]
Overfull \vbox (0.54669pt too high) has occurred while \output is active []

Package babel Info: Redefining ngerman shorthand "|
(babel)             in language  on input line 3.
Package babel Info: Redefining ngerman shorthand "~
(babel)             in language  on input line 3.
Package babel Info: Redefining ngerman shorthand "|
(babel)             in language  on input line 3.
Package babel Info: Redefining ngerman shorthand "~
(babel)             in language  on input line 3.

[41]
Overfull \vbox (0.54669pt too high) has occurred while \output is active []

Package babel Info: Redefining ngerman shorthand "|
(babel)             in language  on input line 3.
Package babel Info: Redefining ngerman shorthand "~
(babel)             in language  on input line 3.
Package babel Info: Redefining ngerman shorthand "|
(babel)             in language  on input line 3.
Package babel Info: Redefining ngerman shorthand "~
(babel)             in language  on input line 3.

[42]
Overfull \vbox (0.54669pt too high) has occurred while \output is active []

Package babel Info: Redefining ngerman shorthand "|
(babel)             in language  on input line 3.
Package babel Info: Redefining ngerman shorthand "~
(babel)             in language  on input line 3.
Package babel Info: Redefining ngerman shorthand "|
(babel)             in language  on input line 3.
Package babel Info: Redefining ngerman shorthand "~
(babel)             in language  on input line 3.

[43]
Overfull \vbox (0.54669pt too high) has occurred while \output is active []

Package babel Info: Redefining ngerman shorthand "|
(babel)             in language  on input line 3.
Package babel Info: Redefining ngerman shorthand "~
(babel)             in language  on input line 3.
Package babel Info: Redefining ngerman shorthand "|
(babel)             in language  on input line 3.
Package babel Info: Redefining ngerman shorthand "~
(babel)             in language  on input line 3.

[44]
Overfull \vbox (0.54669pt too high) has occurred while \output is active []

Package babel Info: Redefining ngerman shorthand "|
(babel)             in language  on input line 3.
Package babel Info: Redefining ngerman shorthand "~
(babel)             in language  on input line 3.
Package babel Info: Redefining ngerman shorthand "|
(babel)             in language  on input line 3.
Package babel Info: Redefining ngerman shorthand "~
(babel)             in language  on input line 3.

[45]
Package babel Info: Redefining ngerman shorthand "|
(babel)             in language  on input line 4.
Package babel Info: Redefining ngerman shorthand "~
(babel)             in language  on input line 4.
Package babel Info: Redefining ngerman shorthand "|
(babel)             in language  on input line 5.
Package babel Info: Redefining ngerman shorthand "~
(babel)             in language  on input line 5.
Package babel Info: Redefining ngerman shorthand "|
(babel)             in language  on input line 6.
Package babel Info: Redefining ngerman shorthand "~
(babel)             in language  on input line 6.
Package babel Info: Redefining ngerman shorthand "|
(babel)             in language  on input line 7.
Package babel Info: Redefining ngerman shorthand "~
(babel)             in language  on input line 7.
Package babel Info: Redefining ngerman shorthand "|
(babel)             in language  on input line 8.
Package babel Info: Redefining ngerman shorthand "~
(babel)             in language  on input line 8.
Package babel Info: Redefining ngerman shorthand "|
(babel)             in language  on input line 9.
Package babel Info: Redefining ngerman shorthand "~
(babel)             in language  on input line 9.
)
Overfull \vbox (0.54669pt too high) has occurred while \output is active []

Package babel Info: Redefining ngerman shorthand "|
(babel)             in language  on input line 43.
Package babel Info: Redefining ngerman shorthand "~
(babel)             in language  on input line 43.
Package babel Info: Redefining ngerman shorthand "|
(babel)             in language  on input line 43.
Package babel Info: Redefining ngerman shorthand "~
(babel)             in language  on input line 43.

[46]
\openout2 = `6-umsetzung.aux'.

 (./6-umsetzung.tex
chapter 6.
Package babel Info: Redefining ngerman shorthand "|
(babel)             in language  on input line 1.
Package babel Info: Redefining ngerman shorthand "~
(babel)             in language  on input line 1.
Package babel Info: Redefining ngerman shorthand "|
(babel)             in language  on input line 2.
Package babel Info: Redefining ngerman shorthand "~
(babel)             in language  on input line 2.
Package babel Info: Redefining ngerman shorthand "|
(babel)             in language  on input line 2.
Package babel Info: Redefining ngerman shorthand "~
(babel)             in language  on input line 2.
[47




]
Overfull \vbox (0.54669pt too high) has occurred while \output is active []

Package babel Info: Redefining ngerman shorthand "|
(babel)             in language  on input line 2.
Package babel Info: Redefining ngerman shorthand "~
(babel)             in language  on input line 2.
Package babel Info: Redefining ngerman shorthand "|
(babel)             in language  on input line 2.
Package babel Info: Redefining ngerman shorthand "~
(babel)             in language  on input line 2.

[48]
Overfull \vbox (0.54669pt too high) has occurred while \output is active []

Package babel Info: Redefining ngerman shorthand "|
(babel)             in language  on input line 2.
Package babel Info: Redefining ngerman shorthand "~
(babel)             in language  on input line 2.
Package babel Info: Redefining ngerman shorthand "|
(babel)             in language  on input line 2.
Package babel Info: Redefining ngerman shorthand "~
(babel)             in language  on input line 2.

[49]
Overfull \vbox (0.54669pt too high) has occurred while \output is active []

Package babel Info: Redefining ngerman shorthand "|
(babel)             in language  on input line 2.
Package babel Info: Redefining ngerman shorthand "~
(babel)             in language  on input line 2.
Package babel Info: Redefining ngerman shorthand "|
(babel)             in language  on input line 2.
Package babel Info: Redefining ngerman shorthand "~
(babel)             in language  on input line 2.

[50]
Overfull \vbox (0.54669pt too high) has occurred while \output is active []

Package babel Info: Redefining ngerman shorthand "|
(babel)             in language  on input line 2.
Package babel Info: Redefining ngerman shorthand "~
(babel)             in language  on input line 2.
Package babel Info: Redefining ngerman shorthand "|
(babel)             in language  on input line 2.
Package babel Info: Redefining ngerman shorthand "~
(babel)             in language  on input line 2.

[51]
Overfull \vbox (0.54669pt too high) has occurred while \output is active []

Package babel Info: Redefining ngerman shorthand "|
(babel)             in language  on input line 2.
Package babel Info: Redefining ngerman shorthand "~
(babel)             in language  on input line 2.
Package babel Info: Redefining ngerman shorthand "|
(babel)             in language  on input line 2.
Package babel Info: Redefining ngerman shorthand "~
(babel)             in language  on input line 2.

[52]
Overfull \vbox (0.54669pt too high) has occurred while \output is active []

Package babel Info: Redefining ngerman shorthand "|
(babel)             in language  on input line 2.
Package babel Info: Redefining ngerman shorthand "~
(babel)             in language  on input line 2.
Package babel Info: Redefining ngerman shorthand "|
(babel)             in language  on input line 2.
Package babel Info: Redefining ngerman shorthand "~
(babel)             in language  on input line 2.

[53]
Overfull \vbox (0.54669pt too high) has occurred while \output is active []

Package babel Info: Redefining ngerman shorthand "|
(babel)             in language  on input line 2.
Package babel Info: Redefining ngerman shorthand "~
(babel)             in language  on input line 2.
Package babel Info: Redefining ngerman shorthand "|
(babel)             in language  on input line 2.
Package babel Info: Redefining ngerman shorthand "~
(babel)             in language  on input line 2.

[54]
Overfull \vbox (0.54669pt too high) has occurred while \output is active []

Package babel Info: Redefining ngerman shorthand "|
(babel)             in language  on input line 2.
Package babel Info: Redefining ngerman shorthand "~
(babel)             in language  on input line 2.
Package babel Info: Redefining ngerman shorthand "|
(babel)             in language  on input line 2.
Package babel Info: Redefining ngerman shorthand "~
(babel)             in language  on input line 2.

[55]
Overfull \vbox (0.54669pt too high) has occurred while \output is active []

Package babel Info: Redefining ngerman shorthand "|
(babel)             in language  on input line 2.
Package babel Info: Redefining ngerman shorthand "~
(babel)             in language  on input line 2.
Package babel Info: Redefining ngerman shorthand "|
(babel)             in language  on input line 2.
Package babel Info: Redefining ngerman shorthand "~
(babel)             in language  on input line 2.

[56]
Overfull \vbox (0.54669pt too high) has occurred while \output is active []

Package babel Info: Redefining ngerman shorthand "|
(babel)             in language  on input line 2.
Package babel Info: Redefining ngerman shorthand "~
(babel)             in language  on input line 2.
Package babel Info: Redefining ngerman shorthand "|
(babel)             in language  on input line 2.
Package babel Info: Redefining ngerman shorthand "~
(babel)             in language  on input line 2.

[57]
Overfull \vbox (0.54669pt too high) has occurred while \output is active []

Package babel Info: Redefining ngerman shorthand "|
(babel)             in language  on input line 2.
Package babel Info: Redefining ngerman shorthand "~
(babel)             in language  on input line 2.
Package babel Info: Redefining ngerman shorthand "|
(babel)             in language  on input line 2.
Package babel Info: Redefining ngerman shorthand "~
(babel)             in language  on input line 2.

[58]
Overfull \vbox (0.54669pt too high) has occurred while \output is active []

Package babel Info: Redefining ngerman shorthand "|
(babel)             in language  on input line 2.
Package babel Info: Redefining ngerman shorthand "~
(babel)             in language  on input line 2.
Package babel Info: Redefining ngerman shorthand "|
(babel)             in language  on input line 2.
Package babel Info: Redefining ngerman shorthand "~
(babel)             in language  on input line 2.

[59]
Overfull \vbox (0.54669pt too high) has occurred while \output is active []

Package babel Info: Redefining ngerman shorthand "|
(babel)             in language  on input line 2.
Package babel Info: Redefining ngerman shorthand "~
(babel)             in language  on input line 2.
Package babel Info: Redefining ngerman shorthand "|
(babel)             in language  on input line 2.
Package babel Info: Redefining ngerman shorthand "~
(babel)             in language  on input line 2.

[60]
Overfull \vbox (0.54669pt too high) has occurred while \output is active []

Package babel Info: Redefining ngerman shorthand "|
(babel)             in language  on input line 2.
Package babel Info: Redefining ngerman shorthand "~
(babel)             in language  on input line 2.
Package babel Info: Redefining ngerman shorthand "|
(babel)             in language  on input line 2.
Package babel Info: Redefining ngerman shorthand "~
(babel)             in language  on input line 2.

[61]
Package babel Info: Redefining ngerman shorthand "|
(babel)             in language  on input line 3.
Package babel Info: Redefining ngerman shorthand "~
(babel)             in language  on input line 3.
Package babel Info: Redefining ngerman shorthand "|
(babel)             in language  on input line 4.
Package babel Info: Redefining ngerman shorthand "~
(babel)             in language  on input line 4.
Package babel Info: Redefining ngerman shorthand "|
(babel)             in language  on input line 5.
Package babel Info: Redefining ngerman shorthand "~
(babel)             in language  on input line 5.
Package babel Info: Redefining ngerman shorthand "|
(babel)             in language  on input line 6.
Package babel Info: Redefining ngerman shorthand "~
(babel)             in language  on input line 6.
Package babel Info: Redefining ngerman shorthand "|
(babel)             in language  on input line 7.
Package babel Info: Redefining ngerman shorthand "~
(babel)             in language  on input line 7.
Package babel Info: Redefining ngerman shorthand "|
(babel)             in language  on input line 9.
Package babel Info: Redefining ngerman shorthand "~
(babel)             in language  on input line 9.
Package babel Info: Redefining ngerman shorthand "|
(babel)             in language  on input line 10.
Package babel Info: Redefining ngerman shorthand "~
(babel)             in language  on input line 10.
Package babel Info: Redefining ngerman shorthand "|
(babel)             in language  on input line 12.
Package babel Info: Redefining ngerman shorthand "~
(babel)             in language  on input line 12.
Package babel Info: Redefining ngerman shorthand "|
(babel)             in language  on input line 13.
Package babel Info: Redefining ngerman shorthand "~
(babel)             in language  on input line 13.
Package babel Info: Redefining ngerman shorthand "|
(babel)             in language  on input line 14.
Package babel Info: Redefining ngerman shorthand "~
(babel)             in language  on input line 14.
Package babel Info: Redefining ngerman shorthand "|
(babel)             in language  on input line 15.
Package babel Info: Redefining ngerman shorthand "~
(babel)             in language  on input line 15.
Package babel Info: Redefining ngerman shorthand "|
(babel)             in language  on input line 16.
Package babel Info: Redefining ngerman shorthand "~
(babel)             in language  on input line 16.
Package babel Info: Redefining ngerman shorthand "|
(babel)             in language  on input line 17.
Package babel Info: Redefining ngerman shorthand "~
(babel)             in language  on input line 17.
Package babel Info: Redefining ngerman shorthand "|
(babel)             in language  on input line 18.
Package babel Info: Redefining ngerman shorthand "~
(babel)             in language  on input line 18.
Package babel Info: Redefining ngerman shorthand "|
(babel)             in language  on input line 20.
Package babel Info: Redefining ngerman shorthand "~
(babel)             in language  on input line 20.
)
Overfull \vbox (0.54669pt too high) has occurred while \output is active []

Package babel Info: Redefining ngerman shorthand "|
(babel)             in language  on input line 44.
Package babel Info: Redefining ngerman shorthand "~
(babel)             in language  on input line 44.
Package babel Info: Redefining ngerman shorthand "|
(babel)             in language  on input line 44.
Package babel Info: Redefining ngerman shorthand "~
(babel)             in language  on input line 44.

[62]
Overfull \vbox (0.54669pt too high) has occurred while \output is active []

Package babel Info: Redefining ngerman shorthand "|
(babel)             in language  on input line 44.
Package babel Info: Redefining ngerman shorthand "~
(babel)             in language  on input line 44.
Package babel Info: Redefining ngerman shorthand "|
(babel)             in language  on input line 44.
Package babel Info: Redefining ngerman shorthand "~
(babel)             in language  on input line 44.

[63]
\openout2 = `7-fazit.aux'.

 (./7-fazit.tex
chapter 7.
Package babel Info: Redefining ngerman shorthand "|
(babel)             in language  on input line 1.
Package babel Info: Redefining ngerman shorthand "~
(babel)             in language  on input line 1.
Package babel Info: Redefining ngerman shorthand "|
(babel)             in language  on input line 2.
Package babel Info: Redefining ngerman shorthand "~
(babel)             in language  on input line 2.
Package babel Info: Redefining ngerman shorthand "|
(babel)             in language  on input line 2.
Package babel Info: Redefining ngerman shorthand "~
(babel)             in language  on input line 2.
[64




]
Overfull \vbox (0.54669pt too high) has occurred while \output is active []

Package babel Info: Redefining ngerman shorthand "|
(babel)             in language  on input line 2.
Package babel Info: Redefining ngerman shorthand "~
(babel)             in language  on input line 2.
Package babel Info: Redefining ngerman shorthand "|
(babel)             in language  on input line 2.
Package babel Info: Redefining ngerman shorthand "~
(babel)             in language  on input line 2.

[65]
Overfull \vbox (0.54669pt too high) has occurred while \output is active []

Package babel Info: Redefining ngerman shorthand "|
(babel)             in language  on input line 3.
Package babel Info: Redefining ngerman shorthand "~
(babel)             in language  on input line 3.
Package babel Info: Redefining ngerman shorthand "|
(babel)             in language  on input line 3.
Package babel Info: Redefining ngerman shorthand "~
(babel)             in language  on input line 3.

[66]
Package babel Info: Redefining ngerman shorthand "|
(babel)             in language  on input line 3.
Package babel Info: Redefining ngerman shorthand "~
(babel)             in language  on input line 3.
Package babel Info: Redefining ngerman shorthand "|
(babel)             in language  on input line 5.
Package babel Info: Redefining ngerman shorthand "~
(babel)             in language  on input line 5.
Package babel Info: Redefining ngerman shorthand "|
(babel)             in language  on input line 7.
Package babel Info: Redefining ngerman shorthand "~
(babel)             in language  on input line 7.
Package babel Info: Redefining ngerman shorthand "|
(babel)             in language  on input line 9.
Package babel Info: Redefining ngerman shorthand "~
(babel)             in language  on input line 9.
Package babel Info: Redefining ngerman shorthand "|
(babel)             in language  on input line 10.
Package babel Info: Redefining ngerman shorthand "~
(babel)             in language  on input line 10.
Package babel Info: Redefining ngerman shorthand "|
(babel)             in language  on input line 11.
Package babel Info: Redefining ngerman shorthand "~
(babel)             in language  on input line 11.
Package babel Info: Redefining ngerman shorthand "|
(babel)             in language  on input line 13.
Package babel Info: Redefining ngerman shorthand "~
(babel)             in language  on input line 13.
)
Overfull \vbox (0.54669pt too high) has occurred while \output is active []

Package babel Info: Redefining ngerman shorthand "|
(babel)             in language  on input line 45.
Package babel Info: Redefining ngerman shorthand "~
(babel)             in language  on input line 45.
Package babel Info: Redefining ngerman shorthand "|
(babel)             in language  on input line 45.
Package babel Info: Redefining ngerman shorthand "~
(babel)             in language  on input line 45.

[67]

Class scrbook Warning: You are using `\begin{appendix}...\end{appendix}'.
(scrbook)              You should note, that `\appendix' is a mostly globally
(scrbook)              working command not an enviroment with only local
(scrbook)              effects. Therefore `\end{appendix}' will neither
(scrbook)              switch back to normal section numbering nor finish
(scrbook)              every other effect of `\begin{appendix}'.
(scrbook)              Nevertheless, some effects may end with
(scrbook)              `\end{appendix}' and the document may become
(scrbook)              inconsistent.
(scrbook)              Because of this, you should remove `\end{appendix}'
(scrbook)              and replace `\begin{appendix}' by command
(scrbook)              `\appendix' on input line 50.

\openout2 = `anhang.aux'.

No file anhang.tex.
\openout2 = `verzeichnisse.aux'.

No file verzeichnisse.tex.
\openout2 = `danksagungen.aux'.

No file danksagungen.tex.
\openout2 = `eidesstattliche_erklaerung.aux'.

No file eidesstattliche_erklaerung.tex.

Package glossaries Warning: No \printglossary or \printglossaries found. 
(Remove \makeglossaries if you don't want any glossaries.) 
This document will not have a glossary.

Package minitoc Info: I0009
(minitoc)             Listing minitoc auxiliary files. 
(minitoc)             Creating the Master.maf file.
\openout6 = `Master.maf'.

Package atveryend Info: Empty hook `BeforeClearDocument' on input line 65.
Package atveryend Info: Empty hook `AfterLastShipout' on input line 65.
(./Master.aux (./titelseite.aux) (./abstract.aux) (./1-einleitung.aux)
(./2-grundlagen.aux) (./3-standdertechnik.aux) (./4-anforderungsanalyse.aux)
(./5-konzeption.aux) (./6-umsetzung.aux) (./7-fazit.aux) (./anhang.aux)
(./verzeichnisse.aux) (./danksagungen.aux) (./eidesstattliche_erklaerung.aux))
Package atveryend Info: Executing hook `AtVeryEndDocument' on input line 65.
Package atveryend Info: Executing hook `AtEndAfterFileList' on input line 65.
Package rerunfilecheck Info: File `Master.out' has not changed.
(rerunfilecheck)             Checksum: 90632E35CC3F4161ECB213B7ED5E6EBB;5020.
Package atveryend Info: Empty hook `AtVeryVeryEnd' on input line 65.
 ) 
Here is how much of TeX's memory you used:
 22151 strings out of 492649
 368109 string characters out of 6126736
 776058 words of memory out of 5000000
 25153 multiletter control sequences out of 15000+600000
 17715 words of font info for 87 fonts, out of 8000000 for 9000
 1141 hyphenation exceptions out of 8191
 106i,9n,100p,9104b,758s stack positions out of 5000i,500n,10000p,200000b,80000s
{c:/Program Files/texlive/2018/texmf-dist/fonts/enc/dvips/cm-super/cm-super-t
1.enc}<c:/Program Files/texlive/2018/texmf-dist/fonts/type1/public/cm-super/sfb
x1000.pfb><c:/Program Files/texlive/2018/texmf-dist/fonts/type1/public/cm-super
/sfbx1095.pfb><c:/Program Files/texlive/2018/texmf-dist/fonts/type1/public/cm-s
uper/sfbx1200.pfb><c:/Program Files/texlive/2018/texmf-dist/fonts/type1/public/
cm-super/sfbx1440.pfb><c:/Program Files/texlive/2018/texmf-dist/fonts/type1/pub
lic/cm-super/sfbx2074.pfb><c:/Program Files/texlive/2018/texmf-dist/fonts/type1
/public/cm-super/sfrm1000.pfb><c:/Program Files/texlive/2018/texmf-dist/fonts/t
ype1/public/cm-super/sfrm1095.pfb><c:/Program Files/texlive/2018/texmf-dist/fon
ts/type1/public/cm-super/sfsl1095.pfb>
Output written on Master.pdf (69 pages, 361304 bytes).
PDF statistics:
 744 PDF objects out of 1000 (max. 8388607)
 658 compressed objects within 7 object streams
 143 named destinations out of 1000 (max. 500000)
 17473 words of extra memory for PDF output out of 20736 (max. 10000000)

